#
# There is insufficient memory for the Java Runtime Environment to continue.
# Native memory allocation (malloc) failed to allocate 22544384 bytes for committing reserved memory.
# Possible reasons:
#   The system is out of physical RAM or swap space
#   In 32 bit mode, the process size limit was hit
# Possible solutions:
#   Reduce memory load on the system
#   Increase physical memory or swap space
#   Check if swap backing store is full
#   Use 64 bit Java on a 64 bit OS
#   Decrease Java heap size (-Xmx/-Xms)
#   Decrease number of Java threads
#   Decrease Java thread stack sizes (-Xss)
#   Set larger code cache with -XX:ReservedCodeCacheSize=
# This output file may be truncated or incomplete.
#
#  Out of Memory Error (os_linux.cpp:2809), pid=16330, tid=140349534246656
#
# JRE version: OpenJDK Runtime Environment (7.0_79-b14) (build 1.7.0_79-b14)
# Java VM: OpenJDK 64-Bit Server VM (24.79-b02 mixed mode linux-amd64 compressed oops)
# Derivative: IcedTea 2.5.5
# Distribution: Ubuntu 14.10, package 7u79-2.5.5-0ubuntu0.14.10.2
# Failed to write core dump. Core dumps have been disabled. To enable core dumping, try "ulimit -c unlimited" before starting Java again
#

---------------  T H R E A D  ---------------

Current thread (0x00007fa5a8071000):  VMThread [stack: 0x00007fa5ac121000,0x00007fa5ac222000] [id=16336]

Stack: [0x00007fa5ac121000,0x00007fa5ac222000],  sp=0x00007fa5ac220550,  free space=1021k
Native frames: (J=compiled Java code, j=interpreted, Vv=VM code, C=native code)
V  [libjvm.so+0x982c56]  VMError::report_and_die()+0x186
V  [libjvm.so+0x48fb12]  report_vm_out_of_memory(char const*, int, unsigned long, char const*)+0x92
V  [libjvm.so+0x7f4c2b]  os::pd_commit_memory(char*, unsigned long, unsigned long, bool)+0xeb
V  [libjvm.so+0x7ef31e]  os::commit_memory(char*, unsigned long, unsigned long, bool)+0x2e
V  [libjvm.so+0x86215b]  PSVirtualSpace::expand_by(unsigned long)+0x5b
V  [libjvm.so+0x85163c]  PSOldGen::expand_by(unsigned long)+0x5c
V  [libjvm.so+0x85a9b4]  PSPermGen::compute_new_size(unsigned long)+0x1a4
V  [libjvm.so+0x858c9e]  PSParallelCompact::invoke_no_policy(bool) [clone .part.122]+0x51e
V  [libjvm.so+0x859465]  PSParallelCompact::invoke(bool)+0x65
V  [libjvm.so+0x984475]  VM_ParallelGCSystemGC::doit()+0x115
V  [libjvm.so+0x988db7]  VM_Operation::evaluate()+0x47
V  [libjvm.so+0x98739b]  VMThread::evaluate_operation(VM_Operation*)+0xab
V  [libjvm.so+0x987a46]  VMThread::loop()+0x1e6
V  [libjvm.so+0x987f11]  VMThread::run()+0x81
V  [libjvm.so+0x7f1912]  java_start(Thread*)+0xf2

VM_Operation (0x00007fa5b0ba9a80): ParallelGCSystemGC, mode: safepoint, requested by thread 0x00007fa5a800a000


---------------  P R O C E S S  ---------------

Java Threads: ( => current thread )
  0x00007fa5a8b4d000 JavaThread "resolver-4" daemon [_thread_blocked, id=16350, stack(0x00007fa5a012a000,0x00007fa5a022b000)]
  0x00007fa5a8b59000 JavaThread "resolver-3" daemon [_thread_blocked, id=16349, stack(0x00007fa5a022b000,0x00007fa5a032c000)]
  0x00007fa5a8b55000 JavaThread "resolver-2" daemon [_thread_blocked, id=16348, stack(0x00007fa5a032c000,0x00007fa5a042d000)]
  0x00007fa5a8b36800 JavaThread "resolver-1" daemon [_thread_blocked, id=16347, stack(0x00007fa5a042d000,0x00007fa5a052e000)]
  0x00007fa5a8590000 JavaThread "process reaper" daemon [_thread_blocked, id=16345, stack(0x00007fa5a0646000,0x00007fa5a067f000)]
  0x00007fa5a80ac800 JavaThread "Service Thread" daemon [_thread_blocked, id=16342, stack(0x00007fa5a1ff9000,0x00007fa5a20fa000)]
  0x00007fa5a80aa000 JavaThread "C2 CompilerThread1" daemon [_thread_blocked, id=16341, stack(0x00007fa5a20fa000,0x00007fa5a21fb000)]
  0x00007fa5a80a7000 JavaThread "C2 CompilerThread0" daemon [_thread_blocked, id=16340, stack(0x00007fa5a21fb000,0x00007fa5a22fc000)]
  0x00007fa5a80a5000 JavaThread "Signal Dispatcher" daemon [_thread_blocked, id=16339, stack(0x00007fa5a22fc000,0x00007fa5a23fd000)]
  0x00007fa5a8077800 JavaThread "Finalizer" daemon [_thread_blocked, id=16338, stack(0x00007fa5a2adf000,0x00007fa5a2be0000)]
  0x00007fa5a8075800 JavaThread "Reference Handler" daemon [_thread_blocked, id=16337, stack(0x00007fa5ac020000,0x00007fa5ac121000)]
  0x00007fa5a800a000 JavaThread "main" [_thread_blocked, id=16333, stack(0x00007fa5b0aab000,0x00007fa5b0bac000)]

Other Threads:
=>0x00007fa5a8071000 VMThread [stack: 0x00007fa5ac121000,0x00007fa5ac222000] [id=16336]
  0x00007fa5a80b7000 WatcherThread [stack: 0x00007fa5a1ef8000,0x00007fa5a1ff9000] [id=16343]

VM state:at safepoint (normal execution)

VM Mutex/Monitor currently owned by a thread:  ([mutex/lock_event])
[0x00007fa5a80060f0] ExpandHeap_lock - owner thread: 0x00007fa5a8071000
[0x00007fa5a8006770] Threads_lock - owner thread: 0x00007fa5a8071000
[0x00007fa5a8006c70] Heap_lock - owner thread: 0x00007fa5a800a000

Heap
 PSYoungGen      total 138752K, used 0K [0x00000000eb600000, 0x00000000f5000000, 0x0000000100000000)
  eden space 126464K, 0% used [0x00000000eb600000,0x00000000eb600000,0x00000000f3180000)
  from space 12288K, 0% used [0x00000000f3180000,0x00000000f3180000,0x00000000f3d80000)
  to   space 13312K, 0% used [0x00000000f4300000,0x00000000f4300000,0x00000000f5000000)
 ParOldGen       total 41984K, used 22349K [0x00000000c2200000, 0x00000000c4b00000, 0x00000000eb600000)
  object space 41984K, 53% used [0x00000000c2200000,0x00000000c37d34e0,0x00000000c4b00000)
 PSPermGen       total 22016K, used 21841K [0x00000000b7c00000, 0x00000000b9180000, 0x00000000c2200000)
  object space 22016K, 99% used [0x00000000b7c00000,0x00000000b9154560,0x00000000b9180000)

Card table byte_map: [0x00007fa5ad462000,0x00007fa5ad6a5000] byte_map_base: 0x00007fa5acea4000

Polling page: 0x00007fa5b0bca000

Code Cache  [0x00007fa5a5000000, 0x00007fa5a5270000, 0x00007fa5a8000000)
 total_blobs=930 nmethods=602 adapters=281 free_code_cache=47146Kb largest_free_block=48203904

Compilation events (10 events):
Event: 33.026 Thread 0x00007fa5a80a7000 nmethod 627% 0x00007fa5a51f2150 code [0x00007fa5a51f2660, 0x00007fa5a51f5be0]
Event: 33.081 Thread 0x00007fa5a80aa000  629             org.sonatype.aether.util.graph.transformer.NearestVersionConflictResolver::selectVersion (349 bytes)
Event: 33.081 Thread 0x00007fa5a80a7000  628             org.apache.maven.model.inheritance.DefaultInheritanceAssembler$InheritanceModelMerger::mergePluginContainer_Plugins (430 bytes)
Event: 33.623 Thread 0x00007fa5a80aa000 nmethod 629 0x00007fa5a51e7d10 code [0x00007fa5a51e80a0, 0x00007fa5a51e9dd8]
Event: 33.628 Thread 0x00007fa5a80aa000  630             org.sonatype.aether.impl.internal.GraphEdge::getTarget (5 bytes)
Event: 33.740 Thread 0x00007fa5a80aa000 nmethod 630 0x00007fa5a51deb90 code [0x00007fa5a51decc0, 0x00007fa5a51ded18]
Event: 33.742 Thread 0x00007fa5a80aa000  631             com.google.inject.spi.InjectionPoint::getAtInject (28 bytes)
Event: 36.575 Thread 0x00007fa5a80a7000 nmethod 628 0x00007fa5a51fe7d0 code [0x00007fa5a51fee00, 0x00007fa5a5202380]
Event: 36.604 Thread 0x00007fa5a80aa000 nmethod 631 0x00007fa5a51f9e50 code [0x00007fa5a51fa2a0, 0x00007fa5a51fbf98]
Event: 37.361 Thread 0x00007fa5a80a7000  632  s!         sun.misc.URLClassPath::getLoader (154 bytes)

GC Heap History (10 events):
Event: 4.585 GC heap after
Heap after GC invocations=5 (full 0):
 PSYoungGen      total 35328K, used 2544K [0x00000000eb600000, 0x00000000f0300000, 0x0000000100000000)
  eden space 32768K, 0% used [0x00000000eb600000,0x00000000eb600000,0x00000000ed600000)
  from space 2560K, 99% used [0x00000000ed600000,0x00000000ed87c010,0x00000000ed880000)
  to   space 6656K, 0% used [0x00000000efc80000,0x00000000efc80000,0x00000000f0300000)
 ParOldGen       total 41984K, used 6583K [0x00000000c2200000, 0x00000000c4b00000, 0x00000000eb600000)
  object space 41984K, 15% used [0x00000000c2200000,0x00000000c286de28,0x00000000c4b00000)
 PSPermGen       total 21504K, used 13104K [0x00000000b7c00000, 0x00000000b9100000, 0x00000000c2200000)
  object space 21504K, 60% used [0x00000000b7c00000,0x00000000b88cc398,0x00000000b9100000)
}
Event: 5.366 GC heap before
{Heap before GC invocations=6 (full 0):
 PSYoungGen      total 35328K, used 35312K [0x00000000eb600000, 0x00000000f0300000, 0x0000000100000000)
  eden space 32768K, 100% used [0x00000000eb600000,0x00000000ed600000,0x00000000ed600000)
  from space 2560K, 99% used [0x00000000ed600000,0x00000000ed87c010,0x00000000ed880000)
  to   space 6656K, 0% used [0x00000000efc80000,0x00000000efc80000,0x00000000f0300000)
 ParOldGen       total 41984K, used 6583K [0x00000000c2200000, 0x00000000c4b00000, 0x00000000eb600000)
  object space 41984K, 15% used [0x00000000c2200000,0x00000000c286de28,0x00000000c4b00000)
 PSPermGen       total 21504K, used 13172K [0x00000000b7c00000, 0x00000000b9100000, 0x00000000c2200000)
  object space 21504K, 61% used [0x00000000b7c00000,0x00000000b88dd2a0,0x00000000b9100000)
Event: 5.394 GC heap after
Heap after GC invocations=6 (full 0):
 PSYoungGen      total 71168K, used 3984K [0x00000000eb600000, 0x00000000f0200000, 0x0000000100000000)
  eden space 65536K, 0% used [0x00000000eb600000,0x00000000eb600000,0x00000000ef600000)
  from space 5632K, 70% used [0x00000000efc80000,0x00000000f0064010,0x00000000f0200000)
  to   space 6144K, 0% used [0x00000000ef600000,0x00000000ef600000,0x00000000efc00000)
 ParOldGen       total 41984K, used 6583K [0x00000000c2200000, 0x00000000c4b00000, 0x00000000eb600000)
  object space 41984K, 15% used [0x00000000c2200000,0x00000000c286de28,0x00000000c4b00000)
 PSPermGen       total 21504K, used 13172K [0x00000000b7c00000, 0x00000000b9100000, 0x00000000c2200000)
  object space 21504K, 61% used [0x00000000b7c00000,0x00000000b88dd2a0,0x00000000b9100000)
}
Event: 7.849 GC heap before
{Heap before GC invocations=7 (full 0):
 PSYoungGen      total 71168K, used 69520K [0x00000000eb600000, 0x00000000f0200000, 0x0000000100000000)
  eden space 65536K, 100% used [0x00000000eb600000,0x00000000ef600000,0x00000000ef600000)
  from space 5632K, 70% used [0x00000000efc80000,0x00000000f0064010,0x00000000f0200000)
  to   space 6144K, 0% used [0x00000000ef600000,0x00000000ef600000,0x00000000efc00000)
 ParOldGen       total 41984K, used 6583K [0x00000000c2200000, 0x00000000c4b00000, 0x00000000eb600000)
  object space 41984K, 15% used [0x00000000c2200000,0x00000000c286de28,0x00000000c4b00000)
 PSPermGen       total 21504K, used 14052K [0x00000000b7c00000, 0x00000000b9100000, 0x00000000c2200000)
  object space 21504K, 65% used [0x00000000b7c00000,0x00000000b89b92a0,0x00000000b9100000)
Event: 7.879 GC heap after
Heap after GC invocations=7 (full 0):
 PSYoungGen      total 71680K, used 6139K [0x00000000eb600000, 0x00000000f4500000, 0x0000000100000000)
  eden space 65536K, 0% used [0x00000000eb600000,0x00000000eb600000,0x00000000ef600000)
  from space 6144K, 99% used [0x00000000ef600000,0x00000000efbfec88,0x00000000efc00000)
  to   space 7680K, 0% used [0x00000000f3d80000,0x00000000f3d80000,0x00000000f4500000)
 ParOldGen       total 41984K, used 7918K [0x00000000c2200000, 0x00000000c4b00000, 0x00000000eb600000)
  object space 41984K, 18% used [0x00000000c2200000,0x00000000c29bb9a0,0x00000000c4b00000)
 PSPermGen       total 21504K, used 14052K [0x00000000b7c00000, 0x00000000b9100000, 0x00000000c2200000)
  object space 21504K, 65% used [0x00000000b7c00000,0x00000000b89b92a0,0x00000000b9100000)
}
Event: 10.413 GC heap before
{Heap before GC invocations=8 (full 0):
 PSYoungGen      total 71680K, used 71675K [0x00000000eb600000, 0x00000000f4500000, 0x0000000100000000)
  eden space 65536K, 100% used [0x00000000eb600000,0x00000000ef600000,0x00000000ef600000)
  from space 6144K, 99% used [0x00000000ef600000,0x00000000efbfec88,0x00000000efc00000)
  to   space 7680K, 0% used [0x00000000f3d80000,0x00000000f3d80000,0x00000000f4500000)
 ParOldGen       total 41984K, used 7918K [0x00000000c2200000, 0x00000000c4b00000, 0x00000000eb600000)
  object space 41984K, 18% used [0x00000000c2200000,0x00000000c29bb9a0,0x00000000c4b00000)
 PSPermGen       total 21504K, used 18871K [0x00000000b7c00000, 0x00000000b9100000, 0x00000000c2200000)
  object space 21504K, 87% used [0x00000000b7c00000,0x00000000b8e6dc50,0x00000000b9100000)
Event: 10.493 GC heap after
Heap after GC invocations=8 (full 0):
 PSYoungGen      total 134144K, used 7670K [0x00000000eb600000, 0x00000000f4e00000, 0x0000000100000000)
  eden space 126464K, 0% used [0x00000000eb600000,0x00000000eb600000,0x00000000f3180000)
  from space 7680K, 99% used [0x00000000f3d80000,0x00000000f44fdbc8,0x00000000f4500000)
  to   space 12288K, 0% used [0x00000000f3180000,0x00000000f3180000,0x00000000f3d80000)
 ParOldGen       total 41984K, used 16032K [0x00000000c2200000, 0x00000000c4b00000, 0x00000000eb600000)
  object space 41984K, 38% used [0x00000000c2200000,0x00000000c31a81f8,0x00000000c4b00000)
 PSPermGen       total 21504K, used 18871K [0x00000000b7c00000, 0x00000000b9100000, 0x00000000c2200000)
  object space 21504K, 87% used [0x00000000b7c00000,0x00000000b8e6dc50,0x00000000b9100000)
}
Event: 37.552 GC heap before
{Heap before GC invocations=9 (full 0):
 PSYoungGen      total 134144K, used 47399K [0x00000000eb600000, 0x00000000f4e00000, 0x0000000100000000)
  eden space 126464K, 31% used [0x00000000eb600000,0x00000000edccc350,0x00000000f3180000)
  from space 7680K, 99% used [0x00000000f3d80000,0x00000000f44fdbc8,0x00000000f4500000)
  to   space 12288K, 0% used [0x00000000f3180000,0x00000000f3180000,0x00000000f3d80000)
 ParOldGen       total 41984K, used 16032K [0x00000000c2200000, 0x00000000c4b00000, 0x00000000eb600000)
  object space 41984K, 38% used [0x00000000c2200000,0x00000000c31a81f8,0x00000000c4b00000)
 PSPermGen       total 22016K, used 21851K [0x00000000b7c00000, 0x00000000b9180000, 0x00000000c2200000)
  object space 22016K, 99% used [0x00000000b7c00000,0x00000000b9156f88,0x00000000b9180000)
Event: 37.859 GC heap after
Heap after GC invocations=9 (full 0):
 PSYoungGen      total 138752K, used 9976K [0x00000000eb600000, 0x00000000f5000000, 0x0000000100000000)
  eden space 126464K, 0% used [0x00000000eb600000,0x00000000eb600000,0x00000000f3180000)
  from space 12288K, 81% used [0x00000000f3180000,0x00000000f3b3e298,0x00000000f3d80000)
  to   space 13312K, 0% used [0x00000000f4300000,0x00000000f4300000,0x00000000f5000000)
 ParOldGen       total 41984K, used 17008K [0x00000000c2200000, 0x00000000c4b00000, 0x00000000eb600000)
  object space 41984K, 40% used [0x00000000c2200000,0x00000000c329c1f8,0x00000000c4b00000)
 PSPermGen       total 22016K, used 21851K [0x00000000b7c00000, 0x00000000b9180000, 0x00000000c2200000)
  object space 22016K, 99% used [0x00000000b7c00000,0x00000000b9156f88,0x00000000b9180000)
}
Event: 37.916 GC heap before
{Heap before GC invocations=10 (full 1):
 PSYoungGen      total 138752K, used 9976K [0x00000000eb600000, 0x00000000f5000000, 0x0000000100000000)
  eden space 126464K, 0% used [0x00000000eb600000,0x00000000eb600000,0x00000000f3180000)
  from space 12288K, 81% used [0x00000000f3180000,0x00000000f3b3e298,0x00000000f3d80000)
  to   space 13312K, 0% used [0x00000000f4300000,0x00000000f4300000,0x00000000f5000000)
 ParOldGen       total 41984K, used 17008K [0x00000000c2200000, 0x00000000c4b00000, 0x00000000eb600000)
  object space 41984K, 40% used [0x00000000c2200000,0x00000000c329c1f8,0x00000000c4b00000)
 PSPermGen       total 22016K, used 21851K [0x00000000b7c00000, 0x00000000b9180000, 0x00000000c2200000)
  object space 22016K, 99% used [0x00000000b7c00000,0x00000000b9156f88,0x00000000b9180000)

Deoptimization events (10 events):
Event: 18.168 Thread 0x00007fa5a800a000 Uncommon trap: reason=class_check action=maybe_recompile pc=0x00007fa5a510ecd0 method=java.util.regex.Pattern$7.isSatisfiedBy(I)Z @ 16
Event: 18.175 Thread 0x00007fa5a800a000 Uncommon trap: reason=class_check action=maybe_recompile pc=0x00007fa5a510ecd0 method=java.util.regex.Pattern$7.isSatisfiedBy(I)Z @ 16
Event: 18.176 Thread 0x00007fa5a800a000 Uncommon trap: reason=class_check action=maybe_recompile pc=0x00007fa5a510ece4 method=java.util.regex.Pattern$CharProperty$1.isSatisfiedBy(I)Z @ 5
Event: 18.176 Thread 0x00007fa5a800a000 Uncommon trap: reason=class_check action=maybe_recompile pc=0x00007fa5a510ecd0 method=java.util.regex.Pattern$7.isSatisfiedBy(I)Z @ 16
Event: 18.176 Thread 0x00007fa5a800a000 Uncommon trap: reason=class_check action=maybe_recompile pc=0x00007fa5a510ecd0 method=java.util.regex.Pattern$7.isSatisfiedBy(I)Z @ 16
Event: 18.176 Thread 0x00007fa5a800a000 Uncommon trap: reason=class_check action=maybe_recompile pc=0x00007fa5a510d9b0 method=java.util.regex.Pattern$CharProperty$1.isSatisfiedBy(I)Z @ 5
Event: 18.176 Thread 0x00007fa5a800a000 Uncommon trap: reason=class_check action=maybe_recompile pc=0x00007fa5a510d9b0 method=java.util.regex.Pattern$CharProperty$1.isSatisfiedBy(I)Z @ 5
Event: 18.176 Thread 0x00007fa5a800a000 Uncommon trap: reason=class_check action=maybe_recompile pc=0x00007fa5a510d9b0 method=java.util.regex.Pattern$CharProperty$1.isSatisfiedBy(I)Z @ 5
Event: 37.038 Thread 0x00007fa5a800a000 Uncommon trap: reason=bimorphic action=maybe_recompile pc=0x00007fa5a50bbefc method=java.util.Properties$LineReader.readLine()I @ 402
Event: 37.191 Thread 0x00007fa5a800a000 Uncommon trap: reason=bimorphic action=maybe_recompile pc=0x00007fa5a50bbefc method=java.util.Properties$LineReader.readLine()I @ 402

Internal exceptions (10 events):
Event: 37.341 Thread 0x00007fa5a800a000 Threw 0x00000000edc402b8 at /build/buildd/openjdk-7-7u79-2.5.5/build/openjdk/hotspot/src/share/vm/prims/jvm.cpp:1284
Event: 37.341 Thread 0x00007fa5a800a000 Threw 0x00000000edc40958 at /build/buildd/openjdk-7-7u79-2.5.5/build/openjdk/hotspot/src/share/vm/prims/jvm.cpp:1284
Event: 37.386 Thread 0x00007fa5a800a000 Threw 0x00000000edc492e0 at /build/buildd/openjdk-7-7u79-2.5.5/build/openjdk/hotspot/src/share/vm/prims/jvm.cpp:1284
Event: 37.386 Thread 0x00007fa5a800a000 Threw 0x00000000edc49ad8 at /build/buildd/openjdk-7-7u79-2.5.5/build/openjdk/hotspot/src/share/vm/prims/jvm.cpp:1284
Event: 37.398 Thread 0x00007fa5a800a000 Threw 0x00000000edc5ae88 at /build/buildd/openjdk-7-7u79-2.5.5/build/openjdk/hotspot/src/share/vm/prims/jvm.cpp:1284
Event: 37.398 Thread 0x00007fa5a800a000 Threw 0x00000000edc5b5e0 at /build/buildd/openjdk-7-7u79-2.5.5/build/openjdk/hotspot/src/share/vm/prims/jvm.cpp:1284
Event: 37.407 Thread 0x00007fa5a800a000 Threw 0x00000000edc614f8 at /build/buildd/openjdk-7-7u79-2.5.5/build/openjdk/hotspot/src/share/vm/prims/jvm.cpp:1284
Event: 37.407 Thread 0x00007fa5a800a000 Threw 0x00000000edc61af0 at /build/buildd/openjdk-7-7u79-2.5.5/build/openjdk/hotspot/src/share/vm/prims/jvm.cpp:1284
Event: 37.411 Thread 0x00007fa5a800a000 Threw 0x00000000edc69458 at /build/buildd/openjdk-7-7u79-2.5.5/build/openjdk/hotspot/src/share/vm/prims/jvm.cpp:1284
Event: 37.411 Thread 0x00007fa5a800a000 Threw 0x00000000edc69c50 at /build/buildd/openjdk-7-7u79-2.5.5/build/openjdk/hotspot/src/share/vm/prims/jvm.cpp:1284

Events (10 events):
Event: 37.386 loading class 0x00007fa5a8534ba0 done
Event: 37.398 loading class 0x00007fa5a855aa40
Event: 37.398 loading class 0x00007fa5a855aa40 done
Event: 37.406 loading class 0x00007fa5a8517160
Event: 37.407 loading class 0x00007fa5a8517160 done
Event: 37.411 loading class 0x00007fa5a8d6d750
Event: 37.411 loading class 0x00007fa5a8d6d750 done
Event: 37.419 loading class 0x00007fa5acdfe430
Event: 37.480 loading class 0x00007fa5acdfe430 done
Event: 37.548 Executing VM operation: ParallelGCSystemGC


Dynamic libraries:
00400000-00401000 r-xp 00000000 08:01 1313857                            /usr/lib/jvm/java-7-openjdk-amd64/jre/bin/java
00600000-00601000 r--p 00000000 08:01 1313857                            /usr/lib/jvm/java-7-openjdk-amd64/jre/bin/java
00601000-00602000 rw-p 00001000 08:01 1313857                            /usr/lib/jvm/java-7-openjdk-amd64/jre/bin/java
012e3000-01304000 rw-p 00000000 00:00 0                                  [heap]
b7c00000-b9180000 rw-p 00000000 00:00 0 
ba700000-c2200000 rw-p 00000000 00:00 0 
c2200000-c4b00000 rw-p 00000000 00:00 0 
c4b00000-eb600000 rw-p 00000000 00:00 0 
eb600000-f5000000 rw-p 00000000 00:00 0 
f5000000-100000000 rw-p 00000000 00:00 0 
7fa563956000-7fa563959000 r-xp 00000000 08:01 135293                     /lib/x86_64-linux-gnu/libkeyutils.so.1.5
7fa563959000-7fa563b58000 ---p 00003000 08:01 135293                     /lib/x86_64-linux-gnu/libkeyutils.so.1.5
7fa563b58000-7fa563b59000 r--p 00002000 08:01 135293                     /lib/x86_64-linux-gnu/libkeyutils.so.1.5
7fa563b59000-7fa563b5a000 rw-p 00003000 08:01 135293                     /lib/x86_64-linux-gnu/libkeyutils.so.1.5
7fa563b5a000-7fa563b7f000 r-xp 00000000 08:01 135370                     /lib/x86_64-linux-gnu/libpng12.so.0.51.0
7fa563b7f000-7fa563d7e000 ---p 00025000 08:01 135370                     /lib/x86_64-linux-gnu/libpng12.so.0.51.0
7fa563d7e000-7fa563d7f000 r--p 00024000 08:01 135370                     /lib/x86_64-linux-gnu/libpng12.so.0.51.0
7fa563d7f000-7fa563d80000 rw-p 00025000 08:01 135370                     /lib/x86_64-linux-gnu/libpng12.so.0.51.0
7fa563d80000-7fa563dfe000 r-xp 00000000 08:01 532950                     /usr/lib/x86_64-linux-gnu/libgmp.so.10.2.0
7fa563dfe000-7fa563ffe000 ---p 0007e000 08:01 532950                     /usr/lib/x86_64-linux-gnu/libgmp.so.10.2.0
7fa563ffe000-7fa563fff000 r--p 0007e000 08:01 532950                     /usr/lib/x86_64-linux-gnu/libgmp.so.10.2.0
7fa563fff000-7fa564000000 rw-p 0007f000 08:01 532950                     /usr/lib/x86_64-linux-gnu/libgmp.so.10.2.0
7fa564000000-7fa564021000 rw-p 00000000 00:00 0 
7fa564021000-7fa568000000 ---p 00000000 00:00 0 
7fa568023000-7fa568069000 r-xp 00000000 08:01 135158                     /lib/x86_64-linux-gnu/libdbus-1.so.3.8.7
7fa568069000-7fa568268000 ---p 00046000 08:01 135158                     /lib/x86_64-linux-gnu/libdbus-1.so.3.8.7
7fa568268000-7fa56826a000 r--p 00045000 08:01 135158                     /lib/x86_64-linux-gnu/libdbus-1.so.3.8.7
7fa56826a000-7fa56826b000 rw-p 00047000 08:01 135158                     /lib/x86_64-linux-gnu/libdbus-1.so.3.8.7
7fa56826b000-7fa568297000 r-xp 00000000 08:01 533108                     /usr/lib/x86_64-linux-gnu/libhogweed.so.2.5
7fa568297000-7fa568497000 ---p 0002c000 08:01 533108                     /usr/lib/x86_64-linux-gnu/libhogweed.so.2.5
7fa568497000-7fa568498000 r--p 0002c000 08:01 533108                     /usr/lib/x86_64-linux-gnu/libhogweed.so.2.5
7fa568498000-7fa568499000 rw-p 0002d000 08:01 533108                     /usr/lib/x86_64-linux-gnu/libhogweed.so.2.5
7fa568499000-7fa5684c8000 r-xp 00000000 08:01 533255                     /usr/lib/x86_64-linux-gnu/libnettle.so.4.7
7fa5684c8000-7fa5686c8000 ---p 0002f000 08:01 533255                     /usr/lib/x86_64-linux-gnu/libnettle.so.4.7
7fa5686c8000-7fa5686c9000 r--p 0002f000 08:01 533255                     /usr/lib/x86_64-linux-gnu/libnettle.so.4.7
7fa5686c9000-7fa5686ca000 rw-p 00030000 08:01 533255                     /usr/lib/x86_64-linux-gnu/libnettle.so.4.7
7fa5686ca000-7fa5686db000 r-xp 00000000 08:01 530339                     /usr/lib/x86_64-linux-gnu/libtasn1.so.6.3.0
7fa5686db000-7fa5688db000 ---p 00011000 08:01 530339                     /usr/lib/x86_64-linux-gnu/libtasn1.so.6.3.0
7fa5688db000-7fa5688dc000 r--p 00011000 08:01 530339                     /usr/lib/x86_64-linux-gnu/libtasn1.so.6.3.0
7fa5688dc000-7fa5688dd000 rw-p 00012000 08:01 530339                     /usr/lib/x86_64-linux-gnu/libtasn1.so.6.3.0
7fa5688dd000-7fa568918000 r-xp 00000000 08:01 533301                     /usr/lib/x86_64-linux-gnu/libp11-kit.so.0.0.0
7fa568918000-7fa568b17000 ---p 0003b000 08:01 533301                     /usr/lib/x86_64-linux-gnu/libp11-kit.so.0.0.0
7fa568b17000-7fa568b1d000 r--p 0003a000 08:01 533301                     /usr/lib/x86_64-linux-gnu/libp11-kit.so.0.0.0
7fa568b1d000-7fa568b1f000 rw-p 00040000 08:01 533301                     /usr/lib/x86_64-linux-gnu/libp11-kit.so.0.0.0
7fa568b1f000-7fa568b29000 r-xp 00000000 08:01 526426                     /usr/lib/x86_64-linux-gnu/libkrb5support.so.0.1
7fa568b29000-7fa568d28000 ---p 0000a000 08:01 526426                     /usr/lib/x86_64-linux-gnu/libkrb5support.so.0.1
7fa568d28000-7fa568d29000 r--p 00009000 08:01 526426                     /usr/lib/x86_64-linux-gnu/libkrb5support.so.0.1
7fa568d29000-7fa568d2a000 rw-p 0000a000 08:01 526426                     /usr/lib/x86_64-linux-gnu/libkrb5support.so.0.1
7fa568d2a000-7fa568d2d000 r-xp 00000000 08:01 132016                     /lib/x86_64-linux-gnu/libcom_err.so.2.1
7fa568d2d000-7fa568f2c000 ---p 00003000 08:01 132016                     /lib/x86_64-linux-gnu/libcom_err.so.2.1
7fa568f2c000-7fa568f2d000 r--p 00002000 08:01 132016                     /lib/x86_64-linux-gnu/libcom_err.so.2.1
7fa568f2d000-7fa568f2e000 rw-p 00003000 08:01 132016                     /lib/x86_64-linux-gnu/libcom_err.so.2.1
7fa568f2e000-7fa568f5b000 r-xp 00000000 08:01 526428                     /usr/lib/x86_64-linux-gnu/libk5crypto.so.3.1
7fa568f5b000-7fa56915a000 ---p 0002d000 08:01 526428                     /usr/lib/x86_64-linux-gnu/libk5crypto.so.3.1
7fa56915a000-7fa56915c000 r--p 0002c000 08:01 526428                     /usr/lib/x86_64-linux-gnu/libk5crypto.so.3.1
7fa56915c000-7fa56915d000 rw-p 0002e000 08:01 526428                     /usr/lib/x86_64-linux-gnu/libk5crypto.so.3.1
7fa56915d000-7fa56915e000 rw-p 00000000 00:00 0 
7fa56915e000-7fa56921e000 r-xp 00000000 08:01 526424                     /usr/lib/x86_64-linux-gnu/libkrb5.so.3.3
7fa56921e000-7fa56941e000 ---p 000c0000 08:01 526424                     /usr/lib/x86_64-linux-gnu/libkrb5.so.3.3
7fa56941e000-7fa56942b000 r--p 000c0000 08:01 526424                     /usr/lib/x86_64-linux-gnu/libkrb5.so.3.3
7fa56942b000-7fa56942d000 rw-p 000cd000 08:01 526424                     /usr/lib/x86_64-linux-gnu/libkrb5.so.3.3
7fa56942d000-7fa569432000 r-xp 00000000 08:01 532563                     /usr/lib/x86_64-linux-gnu/libXdmcp.so.6.0.0
7fa569432000-7fa569631000 ---p 00005000 08:01 532563                     /usr/lib/x86_64-linux-gnu/libXdmcp.so.6.0.0
7fa569631000-7fa569632000 r--p 00004000 08:01 532563                     /usr/lib/x86_64-linux-gnu/libXdmcp.so.6.0.0
7fa569632000-7fa569633000 rw-p 00005000 08:01 532563                     /usr/lib/x86_64-linux-gnu/libXdmcp.so.6.0.0
7fa569633000-7fa569635000 r-xp 00000000 08:01 532552                     /usr/lib/x86_64-linux-gnu/libXau.so.6.0.0
7fa569635000-7fa569835000 ---p 00002000 08:01 532552                     /usr/lib/x86_64-linux-gnu/libXau.so.6.0.0
7fa569835000-7fa569836000 r--p 00002000 08:01 532552                     /usr/lib/x86_64-linux-gnu/libXau.so.6.0.0
7fa569836000-7fa569837000 rw-p 00003000 08:01 532552                     /usr/lib/x86_64-linux-gnu/libXau.so.6.0.0
7fa569837000-7fa56985d000 r-xp 00000000 08:01 135270                     /lib/x86_64-linux-gnu/libexpat.so.1.6.0
7fa56985d000-7fa569a5c000 ---p 00026000 08:01 135270                     /lib/x86_64-linux-gnu/libexpat.so.1.6.0
7fa569a5c000-7fa569a5f000 r--p 00025000 08:01 135270                     /lib/x86_64-linux-gnu/libexpat.so.1.6.0
7fa569a5f000-7fa569a60000 rw-p 00028000 08:01 135270                     /lib/x86_64-linux-gnu/libexpat.so.1.6.0
7fa569a60000-7fa569b02000 r-xp 00000000 08:01 526255                     /usr/lib/x86_64-linux-gnu/libfreetype.so.6.11.1
7fa569b02000-7fa569d01000 ---p 000a2000 08:01 526255                     /usr/lib/x86_64-linux-gnu/libfreetype.so.6.11.1
7fa569d01000-7fa569d07000 r--p 000a1000 08:01 526255                     /usr/lib/x86_64-linux-gnu/libfreetype.so.6.11.1
7fa569d07000-7fa569d08000 rw-p 000a7000 08:01 526255                     /usr/lib/x86_64-linux-gnu/libfreetype.so.6.11.1
7fa569d08000-7fa569d18000 r-xp 00000000 08:01 532653                     /usr/lib/x86_64-linux-gnu/libavahi-client.so.3.2.9
7fa569d18000-7fa569f17000 ---p 00010000 08:01 532653                     /usr/lib/x86_64-linux-gnu/libavahi-client.so.3.2.9
7fa569f17000-7fa569f18000 r--p 0000f000 08:01 532653                     /usr/lib/x86_64-linux-gnu/libavahi-client.so.3.2.9
7fa569f18000-7fa569f19000 rw-p 00010000 08:01 532653                     /usr/lib/x86_64-linux-gnu/libavahi-client.so.3.2.9
7fa569f19000-7fa569f24000 r-xp 00000000 08:01 532655                     /usr/lib/x86_64-linux-gnu/libavahi-common.so.3.5.3
7fa569f24000-7fa56a123000 ---p 0000b000 08:01 532655                     /usr/lib/x86_64-linux-gnu/libavahi-common.so.3.5.3
7fa56a123000-7fa56a124000 r--p 0000a000 08:01 532655                     /usr/lib/x86_64-linux-gnu/libavahi-common.so.3.5.3
7fa56a124000-7fa56a125000 rw-p 0000b000 08:01 532655                     /usr/lib/x86_64-linux-gnu/libavahi-common.so.3.5.3
7fa56a125000-7fa56a224000 r-xp 00000000 08:01 524500                     /usr/lib/x86_64-linux-gnu/libgnutls-deb0.so.28.30.7
7fa56a224000-7fa56a423000 ---p 000ff000 08:01 524500                     /usr/lib/x86_64-linux-gnu/libgnutls-deb0.so.28.30.7
7fa56a423000-7fa56a42c000 r--p 000fe000 08:01 524500                     /usr/lib/x86_64-linux-gnu/libgnutls-deb0.so.28.30.7
7fa56a42c000-7fa56a42e000 rw-p 00107000 08:01 524500                     /usr/lib/x86_64-linux-gnu/libgnutls-deb0.so.28.30.7
7fa56a42e000-7fa56a473000 r-xp 00000000 08:01 526422                     /usr/lib/x86_64-linux-gnu/libgssapi_krb5.so.2.2
7fa56a473000-7fa56a672000 ---p 00045000 08:01 526422                     /usr/lib/x86_64-linux-gnu/libgssapi_krb5.so.2.2
7fa56a672000-7fa56a674000 r--p 00044000 08:01 526422                     /usr/lib/x86_64-linux-gnu/libgssapi_krb5.so.2.2
7fa56a674000-7fa56a675000 rw-p 00046000 08:01 526422                     /usr/lib/x86_64-linux-gnu/libgssapi_krb5.so.2.2
7fa56a675000-7fa56a676000 rw-p 00000000 00:00 0 
7fa56a676000-7fa56a693000 r-xp 00000000 08:01 533633                     /usr/lib/x86_64-linux-gnu/libxcb.so.1.1.0
7fa56a693000-7fa56a893000 ---p 0001d000 08:01 533633                     /usr/lib/x86_64-linux-gnu/libxcb.so.1.1.0
7fa56a893000-7fa56a894000 r--p 0001d000 08:01 533633                     /usr/lib/x86_64-linux-gnu/libxcb.so.1.1.0
7fa56a894000-7fa56a895000 rw-p 0001e000 08:01 533633                     /usr/lib/x86_64-linux-gnu/libxcb.so.1.1.0
7fa56a895000-7fa56a8d0000 r-xp 00000000 08:01 532863                     /usr/lib/x86_64-linux-gnu/libfontconfig.so.1.8.0
7fa56a8d0000-7fa56aacf000 ---p 0003b000 08:01 532863                     /usr/lib/x86_64-linux-gnu/libfontconfig.so.1.8.0
7fa56aacf000-7fa56aad1000 r--p 0003a000 08:01 532863                     /usr/lib/x86_64-linux-gnu/libfontconfig.so.1.8.0
7fa56aad1000-7fa56aad2000 rw-p 0003c000 08:01 532863                     /usr/lib/x86_64-linux-gnu/libfontconfig.so.1.8.0
7fa56aad2000-7fa56ab3f000 r-xp 00000000 08:01 525262                     /usr/lib/x86_64-linux-gnu/libcups.so.2
7fa56ab3f000-7fa56ad3f000 ---p 0006d000 08:01 525262                     /usr/lib/x86_64-linux-gnu/libcups.so.2
7fa56ad3f000-7fa56ad46000 r--p 0006d000 08:01 525262                     /usr/lib/x86_64-linux-gnu/libcups.so.2
7fa56ad46000-7fa56ad47000 rw-p 00074000 08:01 525262                     /usr/lib/x86_64-linux-gnu/libcups.so.2
7fa56ad47000-7fa56ad56000 r-xp 00000000 08:01 532573                     /usr/lib/x86_64-linux-gnu/libXi.so.6.1.0
7fa56ad56000-7fa56af55000 ---p 0000f000 08:01 532573                     /usr/lib/x86_64-linux-gnu/libXi.so.6.1.0
7fa56af55000-7fa56af56000 r--p 0000e000 08:01 532573                     /usr/lib/x86_64-linux-gnu/libXi.so.6.1.0
7fa56af56000-7fa56af57000 rw-p 0000f000 08:01 532573                     /usr/lib/x86_64-linux-gnu/libXi.so.6.1.0
7fa56af57000-7fa56af5c000 r-xp 00000000 08:01 532593                     /usr/lib/x86_64-linux-gnu/libXtst.so.6.1.0
7fa56af5c000-7fa56b15b000 ---p 00005000 08:01 532593                     /usr/lib/x86_64-linux-gnu/libXtst.so.6.1.0
7fa56b15b000-7fa56b15c000 r--p 00004000 08:01 532593                     /usr/lib/x86_64-linux-gnu/libXtst.so.6.1.0
7fa56b15c000-7fa56b15d000 rw-p 00005000 08:01 532593                     /usr/lib/x86_64-linux-gnu/libXtst.so.6.1.0
7fa56b15d000-7fa56b166000 r-xp 00000000 08:01 525110                     /usr/lib/x86_64-linux-gnu/libXrender.so.1.3.0
7fa56b166000-7fa56b365000 ---p 00009000 08:01 525110                     /usr/lib/x86_64-linux-gnu/libXrender.so.1.3.0
7fa56b365000-7fa56b366000 r--p 00008000 08:01 525110                     /usr/lib/x86_64-linux-gnu/libXrender.so.1.3.0
7fa56b366000-7fa56b367000 rw-p 00009000 08:01 525110                     /usr/lib/x86_64-linux-gnu/libXrender.so.1.3.0
7fa56b367000-7fa56b49a000 r-xp 00000000 08:01 532548                     /usr/lib/x86_64-linux-gnu/libX11.so.6.3.0
7fa56b49a000-7fa56b69a000 ---p 00133000 08:01 532548                     /usr/lib/x86_64-linux-gnu/libX11.so.6.3.0
7fa56b69a000-7fa56b69b000 r--p 00133000 08:01 532548                     /usr/lib/x86_64-linux-gnu/libX11.so.6.3.0
7fa56b69b000-7fa56b69f000 rw-p 00134000 08:01 532548                     /usr/lib/x86_64-linux-gnu/libX11.so.6.3.0
7fa56b69f000-7fa56b6a0000 rw-p 00000000 00:00 0 
7fa56b6a0000-7fa56b6b1000 r-xp 00000000 08:01 524964                     /usr/lib/x86_64-linux-gnu/libXext.so.6.4.0
7fa56b6b1000-7fa56b8b0000 ---p 00011000 08:01 524964                     /usr/lib/x86_64-linux-gnu/libXext.so.6.4.0
7fa56b8b0000-7fa56b8b1000 r--p 00010000 08:01 524964                     /usr/lib/x86_64-linux-gnu/libXext.so.6.4.0
7fa56b8b1000-7fa56b8b2000 rw-p 00011000 08:01 524964                     /usr/lib/x86_64-linux-gnu/libXext.so.6.4.0
7fa56b8cc000-7fa56b914000 r-xp 00000000 08:01 1589340                    /usr/lib/jvm/java-7-openjdk-amd64/jre/lib/amd64/xawt/libmawt.so
7fa56b914000-7fa56bb14000 ---p 00048000 08:01 1589340                    /usr/lib/jvm/java-7-openjdk-amd64/jre/lib/amd64/xawt/libmawt.so
7fa56bb14000-7fa56bb15000 r--p 00048000 08:01 1589340                    /usr/lib/jvm/java-7-openjdk-amd64/jre/lib/amd64/xawt/libmawt.so
7fa56bb15000-7fa56bb18000 rw-p 00049000 08:01 1589340                    /usr/lib/jvm/java-7-openjdk-amd64/jre/lib/amd64/xawt/libmawt.so
7fa56bb18000-7fa56bb19000 rw-p 00000000 00:00 0 
7fa56bb19000-7fa56bbb9000 r-xp 00000000 08:01 1185173                    /usr/lib/jvm/java-7-openjdk-amd64/jre/lib/amd64/libawt.so
7fa56bbb9000-7fa56bdb9000 ---p 000a0000 08:01 1185173                    /usr/lib/jvm/java-7-openjdk-amd64/jre/lib/amd64/libawt.so
7fa56bdb9000-7fa56bdba000 r--p 000a0000 08:01 1185173                    /usr/lib/jvm/java-7-openjdk-amd64/jre/lib/amd64/libawt.so
7fa56bdba000-7fa56bdc5000 rw-p 000a1000 08:01 1185173                    /usr/lib/jvm/java-7-openjdk-amd64/jre/lib/amd64/libawt.so
7fa56bdc5000-7fa56bdea000 rw-p 00000000 00:00 0 
7fa56bdea000-7fa56bdf4000 r--s 00203000 08:01 1052700                    /usr/lib/jvm/java-7-openjdk-amd64/jre/lib/charsets.jar
7fa56bdf4000-7fa56bdfe000 r--s 000ae000 08:01 1054089                    /usr/lib/jvm/java-7-openjdk-amd64/jre/lib/resources.jar
7fa56bdfe000-7fa56be01000 ---p 00000000 00:00 0 
7fa56be01000-7fa56beff000 rw-p 00000000 00:00 0 
7fa56beff000-7fa56bf02000 ---p 00000000 00:00 0 
7fa56bf02000-7fa56c000000 rw-p 00000000 00:00 0 
7fa56c000000-7fa56c021000 rw-p 00000000 00:00 0 
7fa56c021000-7fa570000000 ---p 00000000 00:00 0 
7fa570000000-7fa570021000 rw-p 00000000 00:00 0 
7fa570021000-7fa574000000 ---p 00000000 00:00 0 
7fa574000000-7fa574021000 rw-p 00000000 00:00 0 
7fa574021000-7fa578000000 ---p 00000000 00:00 0 
7fa578000000-7fa578021000 rw-p 00000000 00:00 0 
7fa578021000-7fa57c000000 ---p 00000000 00:00 0 
7fa57c000000-7fa57c9a5000 rw-p 00000000 00:00 0 
7fa57c9a5000-7fa580000000 ---p 00000000 00:00 0 
7fa580000000-7fa580021000 rw-p 00000000 00:00 0 
7fa580021000-7fa584000000 ---p 00000000 00:00 0 
7fa584000000-7fa584021000 rw-p 00000000 00:00 0 
7fa584021000-7fa588000000 ---p 00000000 00:00 0 
7fa588000000-7fa588b0d000 rw-p 00000000 00:00 0 
7fa588b0d000-7fa58c000000 ---p 00000000 00:00 0 
7fa58c000000-7fa58c021000 rw-p 00000000 00:00 0 
7fa58c021000-7fa590000000 ---p 00000000 00:00 0 
7fa590000000-7fa590021000 rw-p 00000000 00:00 0 
7fa590021000-7fa594000000 ---p 00000000 00:00 0 
7fa594000000-7fa59402a000 rw-p 00000000 00:00 0 
7fa59402a000-7fa598000000 ---p 00000000 00:00 0 
7fa598000000-7fa59823e000 rw-p 00000000 00:00 0 
7fa59823e000-7fa59c000000 ---p 00000000 00:00 0 
7fa59c000000-7fa59c021000 rw-p 00000000 00:00 0 
7fa59c021000-7fa5a0000000 ---p 00000000 00:00 0 
7fa5a0003000-7fa5a0004000 rw-p 00000000 00:00 0 
7fa5a0004000-7fa5a0005000 r--s 00002000 00:26 6160568                    /home/neil/.m2/repository/org/codehaus/plexus/plexus-digest/1.0/plexus-digest-1.0.jar
7fa5a0005000-7fa5a0006000 r--s 00005000 00:26 5902110                    /home/neil/.m2/repository/org/apache/maven/plugins/maven-install-plugin/2.3.1/maven-install-plugin-2.3.1.jar
7fa5a0006000-7fa5a0008000 r--s 00007000 00:26 6160486                    /home/neil/.m2/repository/org/apache/maven/shared/maven-filtering/1.0-beta-2/maven-filtering-1.0-beta-2.jar
7fa5a0008000-7fa5a000c000 r--s 00035000 00:26 6031448                    /home/neil/.m2/repository/org/codehaus/plexus/plexus-utils/3.0.8/plexus-utils-3.0.8.jar
7fa5a000c000-7fa5a000e000 r--s 00005000 00:26 6160484                    /home/neil/.m2/repository/xpp3/xpp3_min/1.1.4c/xpp3_min-1.1.4c.jar
7fa5a000e000-7fa5a000f000 r--s 00001000 00:26 6160480                    /home/neil/.m2/repository/xmlpull/xmlpull/1.1.3.1/xmlpull-1.1.3.1.jar
7fa5a000f000-7fa5a001b000 r--s 0006a000 00:26 6160477                    /home/neil/.m2/repository/com/thoughtworks/xstream/xstream/1.4.3/xstream-1.4.3.jar
7fa5a001b000-7fa5a001d000 r--s 0000d000 00:26 6160478                    /home/neil/.m2/repository/org/codehaus/plexus/plexus-interpolation/1.15/plexus-interpolation-1.15.jar
7fa5a001d000-7fa5a0022000 r--s 00029000 00:26 6160479                    /home/neil/.m2/repository/org/codehaus/plexus/plexus-archiver/2.2/plexus-archiver-2.2.jar
7fa5a0022000-7fa5a0025000 r--s 0000c000 00:26 6160475                    /home/neil/.m2/repository/org/codehaus/plexus/plexus-io/2.0.5/plexus-io-2.0.5.jar
7fa5a0025000-7fa5a0027000 r--s 00004000 00:26 6160474                    /home/neil/.m2/repository/org/apache/maven/maven-archiver/2.5/maven-archiver-2.5.jar
7fa5a0027000-7fa5a0029000 r--s 00013000 00:26 5902162                    /home/neil/.m2/repository/org/apache/maven/plugins/maven-war-plugin/2.3/maven-war-plugin-2.3.jar
7fa5a0029000-7fa5a002c000 ---p 00000000 00:00 0 
7fa5a002c000-7fa5a012a000 rw-p 00000000 00:00 0 
7fa5a012a000-7fa5a012d000 ---p 00000000 00:00 0 
7fa5a012d000-7fa5a022b000 rw-p 00000000 00:00 0                          [stack:16350]
7fa5a022b000-7fa5a022e000 ---p 00000000 00:00 0 
7fa5a022e000-7fa5a032c000 rw-p 00000000 00:00 0                          [stack:16349]
7fa5a032c000-7fa5a032f000 ---p 00000000 00:00 0 
7fa5a032f000-7fa5a042d000 rw-p 00000000 00:00 0                          [stack:16348]
7fa5a042d000-7fa5a0430000 ---p 00000000 00:00 0 
7fa5a0430000-7fa5a052e000 rw-p 00000000 00:00 0                          [stack:16347]
7fa5a052e000-7fa5a052f000 r--s 00002000 00:26 6031424                    /home/neil/.m2/repository/org/apache/maven/reporting/maven-reporting-api/2.0.9/maven-reporting-api-2.0.9.jar
7fa5a052f000-7fa5a0532000 r--s 00034000 00:26 6031421                    /home/neil/.m2/repository/org/codehaus/plexus/plexus-utils/2.1/plexus-utils-2.1.jar
7fa5a0532000-7fa5a0534000 r--s 00006000 00:26 6031420                    /home/neil/.m2/repository/org/apache/maven/shared/maven-common-artifact-filters/1.3/maven-common-artifact-filters-1.3.jar
7fa5a0534000-7fa5a0536000 r--s 0000d000 00:26 6031418                    /home/neil/.m2/repository/org/apache/maven/surefire/maven-surefire-common/2.10/maven-surefire-common-2.10.jar
7fa5a0536000-7fa5a053b000 r--s 00023000 00:26 6031417                    /home/neil/.m2/repository/org/apache/maven/surefire/surefire-api/2.10/surefire-api-2.10.jar
7fa5a053b000-7fa5a053d000 r--s 00007000 00:26 6031416                    /home/neil/.m2/repository/org/apache/maven/surefire/surefire-booter/2.10/surefire-booter-2.10.jar
7fa5a053d000-7fa5a053f000 r--s 00006000 00:26 5902106                    /home/neil/.m2/repository/org/apache/maven/plugins/maven-surefire-plugin/2.10/maven-surefire-plugin-2.10.jar
7fa5a053f000-7fa5a0540000 r--p 00000000 08:01 1315543                    /usr/share/locale-langpack/en_GB/LC_MESSAGES/libc.mo
7fa5a0540000-7fa5a05ab000 r--s 0069e000 08:01 787841                     /usr/lib/jvm/java-7-openjdk-amd64/lib/tools.jar
7fa5a05ab000-7fa5a05ae000 r--s 0001b000 00:26 6031351                    /home/neil/.m2/repository/junit/junit/3.8.2/junit-3.8.2.jar
7fa5a05ae000-7fa5a05bc000 r--s 0008f000 00:26 6031352                    /home/neil/.m2/repository/com/google/collections/google-collections/1.0/google-collections-1.0.jar
7fa5a05bc000-7fa5a05bd000 r--s 0000a000 00:26 6031350                    /home/neil/.m2/repository/commons-logging/commons-logging-api/1.1/commons-logging-api-1.1.jar
7fa5a05bd000-7fa5a05c4000 r--s 00051000 00:26 6031347                    /home/neil/.m2/repository/log4j/log4j/1.2.12/log4j-1.2.12.jar
7fa5a05c4000-7fa5a05c8000 r--s 0001d000 00:26 6031345                    /home/neil/.m2/repository/org/apache/xbean/xbean-reflect/3.4/xbean-reflect-3.4.jar
7fa5a05c8000-7fa5a05c9000 r--s 00004000 00:26 6031344                    /home/neil/.m2/repository/org/codehaus/plexus/plexus-compiler-javac/2.2/plexus-compiler-javac-2.2.jar
7fa5a05c9000-7fa5a05cb000 r--s 00000000 00:26 6031340                    /home/neil/.m2/repository/org/codehaus/plexus/plexus-compiler-manager/2.2/plexus-compiler-manager-2.2.jar
7fa5a05cb000-7fa5a05cd000 r--s 00005000 00:26 6031342                    /home/neil/.m2/repository/org/codehaus/plexus/plexus-compiler-api/2.2/plexus-compiler-api-2.2.jar
7fa5a05cd000-7fa5a05cf000 r--s 00002000 00:26 6031337                    /home/neil/.m2/repository/org/apache/maven/shared/maven-shared-incremental/1.1/maven-shared-incremental-1.1.jar
7fa5a05cf000-7fa5a05d1000 r--s 00006000 00:26 6031336                    /home/neil/.m2/repository/com/google/code/findbugs/jsr305/2.0.1/jsr305-2.0.1.jar
7fa5a05d1000-7fa5a05d4000 r--s 00023000 00:26 6031335                    /home/neil/.m2/repository/org/apache/maven/shared/maven-shared-utils/0.1/maven-shared-utils-0.1.jar
7fa5a05d4000-7fa5a05d8000 r--s 00030000 00:26 6031334                    /home/neil/.m2/repository/org/codehaus/plexus/plexus-utils/1.5.1/plexus-utils-1.5.1.jar
7fa5a05d8000-7fa5a05da000 r--s 00009000 00:26 5902102                    /home/neil/.m2/repository/org/apache/maven/plugins/maven-compiler-plugin/3.1/maven-compiler-plugin-3.1.jar
7fa5a05da000-7fa5a05dc000 r--s 0000d000 00:26 6031151                    /home/neil/.m2/repository/org/codehaus/plexus/plexus-interpolation/1.13/plexus-interpolation-1.13.jar
7fa5a05dc000-7fa5a05dd000 r--s 00001000 00:26 6031153                    /home/neil/.m2/repository/org/sonatype/plexus/plexus-build-api/0.0.4/plexus-build-api-0.0.4.jar
7fa5a05dd000-7fa5a05df000 r--s 00009000 00:26 6031150                    /home/neil/.m2/repository/org/apache/maven/shared/maven-filtering/1.1/maven-filtering-1.1.jar
7fa5a05df000-7fa5a05e0000 r--s 00001000 00:26 6031148                    /home/neil/.m2/repository/org/apache/maven/doxia/doxia-sink-api/1.0-alpha-7/doxia-sink-api-1.0-alpha-7.jar
7fa5a05e0000-7fa5a05e1000 r--s 00002000 00:26 6031149                    /home/neil/.m2/repository/org/apache/maven/reporting/maven-reporting-api/2.0.6/maven-reporting-api-2.0.6.jar
7fa5a05e1000-7fa5a05e3000 r--s 00006000 00:26 5902158                    /home/neil/.m2/repository/org/apache/maven/plugins/maven-resources-plugin/2.6/maven-resources-plugin-2.6.jar
7fa5a05e3000-7fa5a05f1000 r--s 0007f000 00:26 6031087                    /home/neil/.m2/repository/commons-collections/commons-collections/3.2.1/commons-collections-3.2.1.jar
7fa5a05f1000-7fa5a05f6000 r--s 00041000 00:26 6031085                    /home/neil/.m2/repository/commons-lang/commons-lang/2.6/commons-lang-2.6.jar
7fa5a05f6000-7fa5a05f8000 r--s 00006000 00:26 6031084                    /home/neil/.m2/repository/org/apache/maven/shared/maven-invoker/2.0.11/maven-invoker-2.0.11.jar
7fa5a05f8000-7fa5a05fa000 r--s 00006000 00:26 6031082                    /home/neil/.m2/repository/org/apache/maven/shared/maven-common-artifact-filters/1.4/maven-common-artifact-filters-1.4.jar
7fa5a05fa000-7fa5a05fe000 r--s 0001d000 00:26 6031081                    /home/neil/.m2/repository/org/eclipse/aether/aether-util/0.9.0.M2/aether-util-0.9.0.M2.jar
7fa5a05fe000-7fa5a0601000 r--s 0000c000 00:26 6031077                    /home/neil/.m2/repository/org/apache/maven/shared/maven-dependency-tree/2.1/maven-dependency-tree-2.1.jar
7fa5a0601000-7fa5a0603000 r--s 00000000 00:26 6031075                    /home/neil/.m2/repository/org/codehaus/plexus/plexus-component-annotations/1.5.5/plexus-component-annotations-1.5.5.jar
7fa5a0603000-7fa5a0604000 r--s 0000a000 00:26 6031074                    /home/neil/.m2/repository/asm/asm/3.3.1/asm-3.3.1.jar
7fa5a0604000-7fa5a0606000 r--s 00005000 00:26 6031072                    /home/neil/.m2/repository/org/apache/maven/shared/maven-dependency-analyzer/1.4/maven-dependency-analyzer-1.4.jar
7fa5a0606000-7fa5a0609000 r--s 0000c000 00:26 6031071                    /home/neil/.m2/repository/org/codehaus/plexus/plexus-io/2.0.6/plexus-io-2.0.6.jar
7fa5a0609000-7fa5a060c000 r--s 0001b000 00:26 6031066                    /home/neil/.m2/repository/junit/junit/3.8.1/junit-3.8.1.jar
7fa5a060c000-7fa5a060e000 r--s 00008000 00:26 6031065                    /home/neil/.m2/repository/org/apache/maven/shared/maven-shared-io/1.1/maven-shared-io-1.1.jar
7fa5a060e000-7fa5a0610000 r--s 00008000 00:26 6031064                    /home/neil/.m2/repository/org/apache/maven/shared/file-management/1.2.1/file-management-1.2.1.jar
7fa5a0610000-7fa5a0614000 r--s 00035000 00:26 6031061                    /home/neil/.m2/repository/org/codehaus/plexus/plexus-utils/3.0.9/plexus-utils-3.0.9.jar
7fa5a0614000-7fa5a0618000 r--s 0002a000 00:26 6031059                    /home/neil/.m2/repository/org/codehaus/plexus/plexus-archiver/2.3/plexus-archiver-2.3.jar
7fa5a0618000-7fa5a061a000 r--s 00004000 00:26 6031058                    /home/neil/.m2/repository/org/apache/maven/doxia/doxia-module-xhtml/1.0/doxia-module-xhtml-1.0.jar
7fa5a061a000-7fa5a061b000 r--s 00006000 00:26 6031056                    /home/neil/.m2/repository/org/apache/maven/doxia/doxia-module-xdoc/1.0/doxia-module-xdoc-1.0.jar
7fa5a061b000-7fa5a061c000 r--s 00004000 00:26 6031053                    /home/neil/.m2/repository/org/apache/maven/doxia/doxia-module-fml/1.0/doxia-module-fml-1.0.jar
7fa5a061c000-7fa5a061e000 r--s 0000a000 00:26 6031051                    /home/neil/.m2/repository/org/apache/maven/doxia/doxia-module-apt/1.0/doxia-module-apt-1.0.jar
7fa5a061e000-7fa5a061f000 r--s 0000b000 00:26 6031049                    /home/neil/.m2/repository/org/apache/maven/doxia/doxia-decoration-model/1.0/doxia-decoration-model-1.0.jar
7fa5a061f000-7fa5a0627000 r--s 00058000 00:26 6031048                    /home/neil/.m2/repository/org/apache/velocity/velocity/1.5/velocity-1.5.jar
7fa5a0627000-7fa5a0628000 r--s 00001000 00:26 6031046                    /home/neil/.m2/repository/org/codehaus/plexus/plexus-velocity/1.1.7/plexus-velocity-1.1.7.jar
7fa5a0628000-7fa5a0629000 r--s 00002000 00:26 6031045                    /home/neil/.m2/repository/org/codehaus/plexus/plexus-i18n/1.0-beta-7/plexus-i18n-1.0-beta-7.jar
7fa5a0629000-7fa5a062b000 r--s 0000a000 00:26 6031042                    /home/neil/.m2/repository/org/apache/maven/doxia/doxia-site-renderer/1.0/doxia-site-renderer-1.0.jar
7fa5a062b000-7fa5a062c000 r--s 00002000 00:26 6031039                    /home/neil/.m2/repository/org/apache/maven/doxia/doxia-sink-api/1.0/doxia-sink-api-1.0.jar
7fa5a062c000-7fa5a0631000 r--s 00016000 00:26 6031038                    /home/neil/.m2/repository/xml-apis/xml-apis/1.0.b2/xml-apis-1.0.b2.jar
7fa5a0631000-7fa5a0633000 r--s 0000e000 00:26 6031036                    /home/neil/.m2/repository/oro/oro/2.0.8/oro-2.0.8.jar
7fa5a0633000-7fa5a0635000 r--s 00008000 00:26 6031032                    /home/neil/.m2/repository/commons-logging/commons-logging/1.0.4/commons-logging-1.0.4.jar
7fa5a0635000-7fa5a0639000 r--s 00026000 00:26 6031031                    /home/neil/.m2/repository/commons-digester/commons-digester/1.6/commons-digester-1.6.jar
7fa5a0639000-7fa5a063e000 r--s 0002a000 00:26 6031030                    /home/neil/.m2/repository/commons-beanutils/commons-beanutils/1.7.0/commons-beanutils-1.7.0.jar
7fa5a063e000-7fa5a0641000 r--s 00014000 00:26 6031025                    /home/neil/.m2/repository/commons-validator/commons-validator/1.2.0/commons-validator-1.2.0.jar
7fa5a0641000-7fa5a0644000 r--s 00018000 00:26 6031026                    /home/neil/.m2/repository/commons-io/commons-io/1.4/commons-io-1.4.jar
7fa5a0644000-7fa5a0646000 r--s 00009000 00:26 6031024                    /home/neil/.m2/repository/org/apache/maven/shared/maven-doxia-tools/1.0.2/maven-doxia-tools-1.0.2.jar
7fa5a0646000-7fa5a0649000 ---p 00000000 00:00 0 
7fa5a0649000-7fa5a06b0000 rw-p 00000000 00:00 0                          [stack:16345]
7fa5a06b0000-7fa5a071c000 r-xp 00000000 08:01 135358                     /lib/x86_64-linux-gnu/libpcre.so.3.13.1
7fa5a071c000-7fa5a091b000 ---p 0006c000 08:01 135358                     /lib/x86_64-linux-gnu/libpcre.so.3.13.1
7fa5a091b000-7fa5a091c000 r--p 0006b000 08:01 135358                     /lib/x86_64-linux-gnu/libpcre.so.3.13.1
7fa5a091c000-7fa5a091d000 rw-p 0006c000 08:01 135358                     /lib/x86_64-linux-gnu/libpcre.so.3.13.1
7fa5a091d000-7fa5a0924000 r-xp 00000000 08:01 532849                     /usr/lib/x86_64-linux-gnu/libffi.so.6.0.2
7fa5a0924000-7fa5a0b23000 ---p 00007000 08:01 532849                     /usr/lib/x86_64-linux-gnu/libffi.so.6.0.2
7fa5a0b23000-7fa5a0b24000 r--p 00006000 08:01 532849                     /usr/lib/x86_64-linux-gnu/libffi.so.6.0.2
7fa5a0b24000-7fa5a0b25000 rw-p 00007000 08:01 532849                     /usr/lib/x86_64-linux-gnu/libffi.so.6.0.2
7fa5a0b25000-7fa5a0b3c000 r-xp 00000000 08:01 132000                     /lib/x86_64-linux-gnu/libresolv-2.19.so
7fa5a0b3c000-7fa5a0d3c000 ---p 00017000 08:01 132000                     /lib/x86_64-linux-gnu/libresolv-2.19.so
7fa5a0d3c000-7fa5a0d3d000 r--p 00017000 08:01 132000                     /lib/x86_64-linux-gnu/libresolv-2.19.so
7fa5a0d3d000-7fa5a0d3e000 rw-p 00018000 08:01 132000                     /lib/x86_64-linux-gnu/libresolv-2.19.so
7fa5a0d3e000-7fa5a0d40000 rw-p 00000000 00:00 0 
7fa5a0d40000-7fa5a0d61000 r-xp 00000000 08:01 135385                     /lib/x86_64-linux-gnu/libselinux.so.1
7fa5a0d61000-7fa5a0f60000 ---p 00021000 08:01 135385                     /lib/x86_64-linux-gnu/libselinux.so.1
7fa5a0f60000-7fa5a0f61000 r--p 00020000 08:01 135385                     /lib/x86_64-linux-gnu/libselinux.so.1
7fa5a0f61000-7fa5a0f62000 rw-p 00021000 08:01 135385                     /lib/x86_64-linux-gnu/libselinux.so.1
7fa5a0f62000-7fa5a0f64000 rw-p 00000000 00:00 0 
7fa5a0f64000-7fa5a0f67000 r-xp 00000000 08:01 524695                     /usr/lib/x86_64-linux-gnu/libgmodule-2.0.so.0.4200.1
7fa5a0f67000-7fa5a1166000 ---p 00003000 08:01 524695                     /usr/lib/x86_64-linux-gnu/libgmodule-2.0.so.0.4200.1
7fa5a1166000-7fa5a1167000 r--p 00002000 08:01 524695                     /usr/lib/x86_64-linux-gnu/libgmodule-2.0.so.0.4200.1
7fa5a1167000-7fa5a1168000 rw-p 00003000 08:01 524695                     /usr/lib/x86_64-linux-gnu/libgmodule-2.0.so.0.4200.1
7fa5a1168000-7fa5a1274000 r-xp 00000000 08:01 135156                     /lib/x86_64-linux-gnu/libglib-2.0.so.0.4200.1
7fa5a1274000-7fa5a1474000 ---p 0010c000 08:01 135156                     /lib/x86_64-linux-gnu/libglib-2.0.so.0.4200.1
7fa5a1474000-7fa5a1475000 r--p 0010c000 08:01 135156                     /lib/x86_64-linux-gnu/libglib-2.0.so.0.4200.1
7fa5a1475000-7fa5a1476000 rw-p 0010d000 08:01 135156                     /lib/x86_64-linux-gnu/libglib-2.0.so.0.4200.1
7fa5a1476000-7fa5a1477000 rw-p 00000000 00:00 0 
7fa5a1477000-7fa5a14c7000 r-xp 00000000 08:01 524670                     /usr/lib/x86_64-linux-gnu/libgobject-2.0.so.0.4200.1
7fa5a14c7000-7fa5a16c7000 ---p 00050000 08:01 524670                     /usr/lib/x86_64-linux-gnu/libgobject-2.0.so.0.4200.1
7fa5a16c7000-7fa5a16c8000 r--p 00050000 08:01 524670                     /usr/lib/x86_64-linux-gnu/libgobject-2.0.so.0.4200.1
7fa5a16c8000-7fa5a16c9000 rw-p 00051000 08:01 524670                     /usr/lib/x86_64-linux-gnu/libgobject-2.0.so.0.4200.1
7fa5a16c9000-7fa5a183a000 r-xp 00000000 08:01 524690                     /usr/lib/x86_64-linux-gnu/libgio-2.0.so.0.4200.1
7fa5a183a000-7fa5a1a3a000 ---p 00171000 08:01 524690                     /usr/lib/x86_64-linux-gnu/libgio-2.0.so.0.4200.1
7fa5a1a3a000-7fa5a1a3e000 r--p 00171000 08:01 524690                     /usr/lib/x86_64-linux-gnu/libgio-2.0.so.0.4200.1
7fa5a1a3e000-7fa5a1a40000 rw-p 00175000 08:01 524690                     /usr/lib/x86_64-linux-gnu/libgio-2.0.so.0.4200.1
7fa5a1a40000-7fa5a1a42000 rw-p 00000000 00:00 0 
7fa5a1a42000-7fa5a1a45000 r--s 0000b000 00:26 6031020                    /home/neil/.m2/repository/org/apache/maven/doxia/doxia-core/1.0/doxia-core-1.0.jar
7fa5a1a45000-7fa5a1a47000 r--s 00004000 00:26 6031021                    /home/neil/.m2/repository/org/apache/maven/reporting/maven-reporting-impl/2.0.5/maven-reporting-impl-2.0.5.jar
7fa5a1a47000-7fa5a1a48000 r--s 00002000 00:26 6031018                    /home/neil/.m2/repository/org/apache/maven/reporting/maven-reporting-api/3.0/maven-reporting-api-3.0.jar
7fa5a1a48000-7fa5a1a4a000 r--s 00002000 00:26 6031017                    /home/neil/.m2/repository/org/codehaus/plexus/plexus-interactivity-api/1.0-alpha-4/plexus-interactivity-api-1.0-alpha-4.jar
7fa5a1a4a000-7fa5a1a4c000 r--s 00006000 00:26 6031016                    /home/neil/.m2/repository/commons-cli/commons-cli/1.0/commons-cli-1.0.jar
7fa5a1a4c000-7fa5a1a4f000 r--s 00023000 00:26 5902092                    /home/neil/.m2/repository/org/apache/maven/plugins/maven-dependency-plugin/2.8/maven-dependency-plugin-2.8.jar
7fa5a1a4f000-7fa5a1a53000 r--s 00033000 00:26 6030049                    /home/neil/.m2/repository/org/codehaus/plexus/plexus-utils/2.0.5/plexus-utils-2.0.5.jar
7fa5a1a53000-7fa5a1a54000 r--s 00005000 00:26 5902135                    /home/neil/.m2/repository/org/apache/maven/plugins/maven-clean-plugin/2.4.1/maven-clean-plugin-2.4.1.jar
7fa5a1a54000-7fa5a1a55000 r--p 00000000 00:00 0 
7fa5a1a55000-7fa5a1a5a000 r--s 0004d000 08:01 1054098                    /usr/lib/jvm/java-7-openjdk-amd64/jre/lib/jsse.jar
7fa5a1a5a000-7fa5a1a5c000 r--s 0000c000 00:26 5647978                    /home/neil/netbeans-8.0.2/java/maven-nblib/netbeans-eventspy.jar
7fa5a1a5c000-7fa5a1a73000 r-xp 00000000 08:01 1186934                    /usr/lib/jvm/java-7-openjdk-amd64/jre/lib/amd64/libnet.so
7fa5a1a73000-7fa5a1c72000 ---p 00017000 08:01 1186934                    /usr/lib/jvm/java-7-openjdk-amd64/jre/lib/amd64/libnet.so
7fa5a1c72000-7fa5a1c73000 r--p 00016000 08:01 1186934                    /usr/lib/jvm/java-7-openjdk-amd64/jre/lib/amd64/libnet.so
7fa5a1c73000-7fa5a1c74000 rw-p 00017000 08:01 1186934                    /usr/lib/jvm/java-7-openjdk-amd64/jre/lib/amd64/libnet.so
7fa5a1c74000-7fa5a1c85000 r-xp 00000000 08:01 1185166                    /usr/lib/jvm/java-7-openjdk-amd64/jre/lib/amd64/libnio.so
7fa5a1c85000-7fa5a1e84000 ---p 00011000 08:01 1185166                    /usr/lib/jvm/java-7-openjdk-amd64/jre/lib/amd64/libnio.so
7fa5a1e84000-7fa5a1e85000 r--p 00010000 08:01 1185166                    /usr/lib/jvm/java-7-openjdk-amd64/jre/lib/amd64/libnio.so
7fa5a1e85000-7fa5a1e86000 rw-p 00011000 08:01 1185166                    /usr/lib/jvm/java-7-openjdk-amd64/jre/lib/amd64/libnio.so
7fa5a1e86000-7fa5a1e89000 r--s 00033000 00:26 5647981                    /home/neil/netbeans-8.0.2/java/maven/lib/plexus-utils-2.0.6.jar
7fa5a1e89000-7fa5a1e91000 r--s 0004e000 00:26 5647941                    /home/neil/netbeans-8.0.2/java/maven/lib/sisu-guice-3.1.0-no_aop.jar
7fa5a1e91000-7fa5a1e93000 r--s 0000b000 00:26 5647968                    /home/neil/netbeans-8.0.2/java/maven/lib/maven-artifact-3.0.5.jar
7fa5a1e93000-7fa5a1eae000 r--s 000e0000 00:26 5647963                    /home/neil/netbeans-8.0.2/java/maven/lib/wagon-http-2.4-shaded.jar
7fa5a1eae000-7fa5a1eb0000 r--s 0000c000 00:26 5647876                    /home/neil/netbeans-8.0.2/java/maven/lib/maven-aether-provider-3.0.5.jar
7fa5a1eb0000-7fa5a1eb1000 r--s 00006000 00:26 5647910                    /home/neil/netbeans-8.0.2/java/maven/lib/plexus-sec-dispatcher-1.3.jar
7fa5a1eb1000-7fa5a1eb8000 r--s 0003e000 00:26 5647955                    /home/neil/netbeans-8.0.2/java/maven/lib/sisu-inject-bean-2.3.0.jar
7fa5a1eb8000-7fa5a1eba000 r--s 0000b000 00:26 5647953                    /home/neil/netbeans-8.0.2/java/maven/lib/wagon-provider-api-2.4.jar
7fa5a1eba000-7fa5a1ebc000 r--s 00006000 00:26 5647835                    /home/neil/netbeans-8.0.2/java/maven/lib/aether-connector-wagon-1.13.1.jar
7fa5a1ebc000-7fa5a1ebe000 r--s 0000d000 00:26 5647911                    /home/neil/netbeans-8.0.2/java/maven/lib/plexus-interpolation-1.14.jar
7fa5a1ebe000-7fa5a1ec0000 r--s 0000a000 00:26 5647970                    /home/neil/netbeans-8.0.2/java/maven/lib/maven-settings-3.0.5.jar
7fa5a1ec0000-7fa5a1ec3000 r--s 0001d000 00:26 5647982                    /home/neil/netbeans-8.0.2/java/maven/lib/aether-impl-1.13.1.jar
7fa5a1ec3000-7fa5a1ec5000 r--s 00006000 00:26 5647771                    /home/neil/netbeans-8.0.2/java/maven/lib/maven-repository-metadata-3.0.5.jar
7fa5a1ec5000-7fa5a1ec8000 r--s 00025000 00:26 5647987                    /home/neil/netbeans-8.0.2/java/maven/lib/maven-model-3.0.5.jar
7fa5a1ec8000-7fa5a1ed4000 r--s 0007b000 00:26 5647995                    /home/neil/netbeans-8.0.2/java/maven/lib/maven-core-3.0.5.jar
7fa5a1ed4000-7fa5a1eda000 r--s 0003e000 00:26 5647984                    /home/neil/netbeans-8.0.2/java/maven/lib/maven-compat-3.0.5.jar
7fa5a1eda000-7fa5a1ef8000 r--s 0014f000 00:26 5647996                    /home/neil/netbeans-8.0.2/java/maven/lib/sisu-guava-0.9.9.jar
7fa5a1ef8000-7fa5a1ef9000 ---p 00000000 00:00 0 
7fa5a1ef9000-7fa5a1ff9000 rw-p 00000000 00:00 0                          [stack:16343]
7fa5a1ff9000-7fa5a1ffc000 ---p 00000000 00:00 0 
7fa5a1ffc000-7fa5a20fa000 rw-p 00000000 00:00 0                          [stack:16342]
7fa5a20fa000-7fa5a20fd000 ---p 00000000 00:00 0 
7fa5a20fd000-7fa5a21fb000 rw-p 00000000 00:00 0                          [stack:16341]
7fa5a21fb000-7fa5a21fe000 ---p 00000000 00:00 0 
7fa5a21fe000-7fa5a22fc000 rw-p 00000000 00:00 0                          [stack:16340]
7fa5a22fc000-7fa5a22ff000 ---p 00000000 00:00 0 
7fa5a22ff000-7fa5a23fd000 rw-p 00000000 00:00 0                          [stack:16339]
7fa5a23fd000-7fa5a2adf000 r--p 00000000 08:01 531826                     /usr/lib/locale/locale-archive
7fa5a2adf000-7fa5a2ae2000 ---p 00000000 00:00 0 
7fa5a2ae2000-7fa5a5000000 rw-p 00000000 00:00 0                          [stack:16338]
7fa5a5000000-7fa5a5270000 rwxp 00000000 00:00 0 
7fa5a5270000-7fa5a8e50000 rw-p 00000000 00:00 0 
7fa5a8e50000-7fa5ac000000 ---p 00000000 00:00 0 
7fa5ac000000-7fa5ac004000 r--s 0001c000 00:26 5647983                    /home/neil/netbeans-8.0.2/java/maven/lib/aether-util-1.13.1.jar
7fa5ac004000-7fa5ac008000 r--s 00012000 00:26 5647989                    /home/neil/netbeans-8.0.2/java/maven/lib/aether-api-1.13.1.jar
7fa5ac008000-7fa5ac00e000 r--s 0002b000 00:26 5647930                    /home/neil/netbeans-8.0.2/java/maven/lib/sisu-inject-plexus-2.3.0.jar
7fa5ac00e000-7fa5ac013000 r--s 00020000 00:26 5647909                    /home/neil/netbeans-8.0.2/java/maven/lib/maven-model-builder-3.0.5.jar
7fa5ac013000-7fa5ac014000 r--s 00002000 00:26 5648000                    /home/neil/netbeans-8.0.2/java/maven/lib/wagon-file-2.4.jar
7fa5ac014000-7fa5ac016000 r--s 00000000 00:26 5647667                    /home/neil/netbeans-8.0.2/java/maven/lib/plexus-component-annotations-1.5.5.jar
7fa5ac016000-7fa5ac017000 r--s 00009000 00:26 5647998                    /home/neil/netbeans-8.0.2/java/maven/lib/commons-cli-1.2.jar
7fa5ac017000-7fa5ac019000 r--s 0000a000 00:26 5647954                    /home/neil/netbeans-8.0.2/java/maven/lib/maven-plugin-api-3.0.5.jar
7fa5ac019000-7fa5ac01c000 r--s 00008000 00:26 5647860                    /home/neil/netbeans-8.0.2/java/maven/lib/maven-settings-builder-3.0.5.jar
7fa5ac01c000-7fa5ac01e000 r--s 00002000 00:26 5647988                    /home/neil/netbeans-8.0.2/java/maven/lib/plexus-cipher-1.7.jar
7fa5ac01e000-7fa5ac020000 r--s 00009000 00:26 5647969                    /home/neil/netbeans-8.0.2/java/maven/lib/maven-embedder-3.0.5.jar
7fa5ac020000-7fa5ac023000 ---p 00000000 00:00 0 
7fa5ac023000-7fa5ac121000 rw-p 00000000 00:00 0                          [stack:16337]
7fa5ac121000-7fa5ac122000 ---p 00000000 00:00 0 
7fa5ac122000-7fa5acbd7000 rw-p 00000000 00:00 0                          [stack:16336]
7fa5acbd7000-7fa5acd88000 r--s 01d27000 08:01 1054095                    /usr/lib/jvm/java-7-openjdk-amd64/jre/lib/rt.jar
7fa5acd88000-7fa5ad0c3000 rw-p 00000000 00:00 0 
7fa5ad0c3000-7fa5ad0c4000 ---p 00000000 00:00 0 
7fa5ad0c4000-7fa5ad1c4000 rw-p 00000000 00:00 0                          [stack:16335]
7fa5ad1c4000-7fa5ad1c5000 ---p 00000000 00:00 0 
7fa5ad1c5000-7fa5ad2d0000 rw-p 00000000 00:00 0                          [stack:16334]
7fa5ad2d0000-7fa5ad318000 rw-p 00000000 00:00 0 
7fa5ad318000-7fa5ad32d000 rw-p 00000000 00:00 0 
7fa5ad32d000-7fa5ad462000 rw-p 00000000 00:00 0 
7fa5ad462000-7fa5ad46d000 rw-p 00000000 00:00 0 
7fa5ad46d000-7fa5ad4b5000 rw-p 00000000 00:00 0 
7fa5ad4b5000-7fa5ad4ca000 rw-p 00000000 00:00 0 
7fa5ad4ca000-7fa5ad5ff000 rw-p 00000000 00:00 0 
7fa5ad5ff000-7fa5ad64c000 rw-p 00000000 00:00 0 
7fa5ad64c000-7fa5ad6a4000 rw-p 00000000 00:00 0 
7fa5ad6a4000-7fa5ad6a5000 rw-p 00000000 00:00 0 
7fa5ad6a5000-7fa5ad6ad000 r-xp 00000000 08:01 1185168                    /usr/lib/jvm/java-7-openjdk-amd64/jre/lib/amd64/libzip.so
7fa5ad6ad000-7fa5ad8ac000 ---p 00008000 08:01 1185168                    /usr/lib/jvm/java-7-openjdk-amd64/jre/lib/amd64/libzip.so
7fa5ad8ac000-7fa5ad8ad000 r--p 00007000 08:01 1185168                    /usr/lib/jvm/java-7-openjdk-amd64/jre/lib/amd64/libzip.so
7fa5ad8ad000-7fa5ad8ae000 rw-p 00008000 08:01 1185168                    /usr/lib/jvm/java-7-openjdk-amd64/jre/lib/amd64/libzip.so
7fa5ad8ae000-7fa5ad8b9000 r-xp 00000000 08:01 132005                     /lib/x86_64-linux-gnu/libnss_files-2.19.so
7fa5ad8b9000-7fa5adab8000 ---p 0000b000 08:01 132005                     /lib/x86_64-linux-gnu/libnss_files-2.19.so
7fa5adab8000-7fa5adab9000 r--p 0000a000 08:01 132005                     /lib/x86_64-linux-gnu/libnss_files-2.19.so
7fa5adab9000-7fa5adaba000 rw-p 0000b000 08:01 132005                     /lib/x86_64-linux-gnu/libnss_files-2.19.so
7fa5adaba000-7fa5adac5000 r-xp 00000000 08:01 132007                     /lib/x86_64-linux-gnu/libnss_nis-2.19.so
7fa5adac5000-7fa5adcc4000 ---p 0000b000 08:01 132007                     /lib/x86_64-linux-gnu/libnss_nis-2.19.so
7fa5adcc4000-7fa5adcc5000 r--p 0000a000 08:01 132007                     /lib/x86_64-linux-gnu/libnss_nis-2.19.so
7fa5adcc5000-7fa5adcc6000 rw-p 0000b000 08:01 132007                     /lib/x86_64-linux-gnu/libnss_nis-2.19.so
7fa5adcc6000-7fa5adcdd000 r-xp 00000000 08:01 131991                     /lib/x86_64-linux-gnu/libnsl-2.19.so
7fa5adcdd000-7fa5adedc000 ---p 00017000 08:01 131991                     /lib/x86_64-linux-gnu/libnsl-2.19.so
7fa5adedc000-7fa5adedd000 r--p 00016000 08:01 131991                     /lib/x86_64-linux-gnu/libnsl-2.19.so
7fa5adedd000-7fa5adede000 rw-p 00017000 08:01 131991                     /lib/x86_64-linux-gnu/libnsl-2.19.so
7fa5adede000-7fa5adee0000 rw-p 00000000 00:00 0 
7fa5adee0000-7fa5adee9000 r-xp 00000000 08:01 131992                     /lib/x86_64-linux-gnu/libnss_compat-2.19.so
7fa5adee9000-7fa5ae0e8000 ---p 00009000 08:01 131992                     /lib/x86_64-linux-gnu/libnss_compat-2.19.so
7fa5ae0e8000-7fa5ae0e9000 r--p 00008000 08:01 131992                     /lib/x86_64-linux-gnu/libnss_compat-2.19.so
7fa5ae0e9000-7fa5ae0ea000 rw-p 00009000 08:01 131992                     /lib/x86_64-linux-gnu/libnss_compat-2.19.so
7fa5ae0ea000-7fa5ae117000 r-xp 00000000 08:01 1185179                    /usr/lib/jvm/java-7-openjdk-amd64/jre/lib/amd64/libjava.so
7fa5ae117000-7fa5ae316000 ---p 0002d000 08:01 1185179                    /usr/lib/jvm/java-7-openjdk-amd64/jre/lib/amd64/libjava.so
7fa5ae316000-7fa5ae317000 r--p 0002c000 08:01 1185179                    /usr/lib/jvm/java-7-openjdk-amd64/jre/lib/amd64/libjava.so
7fa5ae317000-7fa5ae319000 rw-p 0002d000 08:01 1185179                    /usr/lib/jvm/java-7-openjdk-amd64/jre/lib/amd64/libjava.so
7fa5ae319000-7fa5ae32a000 r-xp 00000000 08:01 1185182                    /usr/lib/jvm/java-7-openjdk-amd64/jre/lib/amd64/libverify.so
7fa5ae32a000-7fa5ae529000 ---p 00011000 08:01 1185182                    /usr/lib/jvm/java-7-openjdk-amd64/jre/lib/amd64/libverify.so
7fa5ae529000-7fa5ae52b000 r--p 00010000 08:01 1185182                    /usr/lib/jvm/java-7-openjdk-amd64/jre/lib/amd64/libverify.so
7fa5ae52b000-7fa5ae52c000 rw-p 00012000 08:01 1185182                    /usr/lib/jvm/java-7-openjdk-amd64/jre/lib/amd64/libverify.so
7fa5ae52c000-7fa5ae533000 r-xp 00000000 08:01 132008                     /lib/x86_64-linux-gnu/librt-2.19.so
7fa5ae533000-7fa5ae732000 ---p 00007000 08:01 132008                     /lib/x86_64-linux-gnu/librt-2.19.so
7fa5ae732000-7fa5ae733000 r--p 00006000 08:01 132008                     /lib/x86_64-linux-gnu/librt-2.19.so
7fa5ae733000-7fa5ae734000 rw-p 00007000 08:01 132008                     /lib/x86_64-linux-gnu/librt-2.19.so
7fa5ae734000-7fa5ae74a000 r-xp 00000000 08:01 135275                     /lib/x86_64-linux-gnu/libgcc_s.so.1
7fa5ae74a000-7fa5ae949000 ---p 00016000 08:01 135275                     /lib/x86_64-linux-gnu/libgcc_s.so.1
7fa5ae949000-7fa5ae94a000 r--p 00015000 08:01 135275                     /lib/x86_64-linux-gnu/libgcc_s.so.1
7fa5ae94a000-7fa5ae94b000 rw-p 00016000 08:01 135275                     /lib/x86_64-linux-gnu/libgcc_s.so.1
7fa5ae94b000-7fa5aea50000 r-xp 00000000 08:01 131987                     /lib/x86_64-linux-gnu/libm-2.19.so
7fa5aea50000-7fa5aec4f000 ---p 00105000 08:01 131987                     /lib/x86_64-linux-gnu/libm-2.19.so
7fa5aec4f000-7fa5aec50000 r--p 00104000 08:01 131987                     /lib/x86_64-linux-gnu/libm-2.19.so
7fa5aec50000-7fa5aec51000 rw-p 00105000 08:01 131987                     /lib/x86_64-linux-gnu/libm-2.19.so
7fa5aec51000-7fa5aed41000 r-xp 00000000 08:01 533482                     /usr/lib/x86_64-linux-gnu/libstdc++.so.6.0.20
7fa5aed41000-7fa5aef41000 ---p 000f0000 08:01 533482                     /usr/lib/x86_64-linux-gnu/libstdc++.so.6.0.20
7fa5aef41000-7fa5aef49000 r--p 000f0000 08:01 533482                     /usr/lib/x86_64-linux-gnu/libstdc++.so.6.0.20
7fa5aef49000-7fa5aef4b000 rw-p 000f8000 08:01 533482                     /usr/lib/x86_64-linux-gnu/libstdc++.so.6.0.20
7fa5aef4b000-7fa5aef60000 rw-p 00000000 00:00 0 
7fa5aef60000-7fa5afab0000 r-xp 00000000 08:01 1186930                    /usr/lib/jvm/java-7-openjdk-amd64/jre/lib/amd64/server/libjvm.so
7fa5afab0000-7fa5afcaf000 ---p 00b50000 08:01 1186930                    /usr/lib/jvm/java-7-openjdk-amd64/jre/lib/amd64/server/libjvm.so
7fa5afcaf000-7fa5afd4e000 r--p 00b4f000 08:01 1186930                    /usr/lib/jvm/java-7-openjdk-amd64/jre/lib/amd64/server/libjvm.so
7fa5afd4e000-7fa5afd71000 rw-p 00bee000 08:01 1186930                    /usr/lib/jvm/java-7-openjdk-amd64/jre/lib/amd64/server/libjvm.so
7fa5afd71000-7fa5afd9e000 rw-p 00000000 00:00 0 
7fa5afd9e000-7fa5afdb6000 r-xp 00000000 08:01 135419                     /lib/x86_64-linux-gnu/libz.so.1.2.8
7fa5afdb6000-7fa5affb5000 ---p 00018000 08:01 135419                     /lib/x86_64-linux-gnu/libz.so.1.2.8
7fa5affb5000-7fa5affb6000 r--p 00017000 08:01 135419                     /lib/x86_64-linux-gnu/libz.so.1.2.8
7fa5affb6000-7fa5affb7000 rw-p 00018000 08:01 135419                     /lib/x86_64-linux-gnu/libz.so.1.2.8
7fa5affb7000-7fa5affd0000 r-xp 00000000 08:01 131995                     /lib/x86_64-linux-gnu/libpthread-2.19.so
7fa5affd0000-7fa5b01cf000 ---p 00019000 08:01 131995                     /lib/x86_64-linux-gnu/libpthread-2.19.so
7fa5b01cf000-7fa5b01d0000 r--p 00018000 08:01 131995                     /lib/x86_64-linux-gnu/libpthread-2.19.so
7fa5b01d0000-7fa5b01d1000 rw-p 00019000 08:01 131995                     /lib/x86_64-linux-gnu/libpthread-2.19.so
7fa5b01d1000-7fa5b01d5000 rw-p 00000000 00:00 0 
7fa5b01d5000-7fa5b01d8000 r-xp 00000000 08:01 131994                     /lib/x86_64-linux-gnu/libdl-2.19.so
7fa5b01d8000-7fa5b03d7000 ---p 00003000 08:01 131994                     /lib/x86_64-linux-gnu/libdl-2.19.so
7fa5b03d7000-7fa5b03d8000 r--p 00002000 08:01 131994                     /lib/x86_64-linux-gnu/libdl-2.19.so
7fa5b03d8000-7fa5b03d9000 rw-p 00003000 08:01 131994                     /lib/x86_64-linux-gnu/libdl-2.19.so
7fa5b03d9000-7fa5b0593000 r-xp 00000000 08:01 132006                     /lib/x86_64-linux-gnu/libc-2.19.so
7fa5b0593000-7fa5b0792000 ---p 001ba000 08:01 132006                     /lib/x86_64-linux-gnu/libc-2.19.so
7fa5b0792000-7fa5b0796000 r--p 001b9000 08:01 132006                     /lib/x86_64-linux-gnu/libc-2.19.so
7fa5b0796000-7fa5b0798000 rw-p 001bd000 08:01 132006                     /lib/x86_64-linux-gnu/libc-2.19.so
7fa5b0798000-7fa5b079d000 rw-p 00000000 00:00 0 
7fa5b079d000-7fa5b07aa000 r-xp 00000000 08:01 1186907                    /usr/lib/jvm/java-7-openjdk-amd64/jre/lib/amd64/jli/libjli.so
7fa5b07aa000-7fa5b09a9000 ---p 0000d000 08:01 1186907                    /usr/lib/jvm/java-7-openjdk-amd64/jre/lib/amd64/jli/libjli.so
7fa5b09a9000-7fa5b09aa000 r--p 0000c000 08:01 1186907                    /usr/lib/jvm/java-7-openjdk-amd64/jre/lib/amd64/jli/libjli.so
7fa5b09aa000-7fa5b09ab000 rw-p 0000d000 08:01 1186907                    /usr/lib/jvm/java-7-openjdk-amd64/jre/lib/amd64/jli/libjli.so
7fa5b09ab000-7fa5b09ce000 r-xp 00000000 08:01 132001                     /lib/x86_64-linux-gnu/ld-2.19.so
7fa5b09ce000-7fa5b09cf000 r--s 00003000 00:26 5647990                    /home/neil/netbeans-8.0.2/java/maven/lib/aether-spi-1.13.1.jar
7fa5b09cf000-7fa5b09d1000 r--s 0000a000 00:26 5647943                    /home/neil/netbeans-8.0.2/java/maven/boot/plexus-classworlds-2.4.jar
7fa5b09d1000-7fa5b09d4000 r--s 00086000 08:01 1313926                    /usr/lib/jvm/java-7-openjdk-amd64/jre/lib/ext/localedata.jar
7fa5b09d4000-7fa5b09f5000 rw-p 00000000 00:00 0 
7fa5b09f5000-7fa5b0aab000 rw-p 00000000 00:00 0 
7fa5b0aab000-7fa5b0aae000 ---p 00000000 00:00 0 
7fa5b0aae000-7fa5b0bb1000 rw-p 00000000 00:00 0                          [stack:16333]
7fa5b0bb1000-7fa5b0bb3000 r--s 00012000 08:01 1313898                    /usr/lib/jvm/java-7-openjdk-amd64/jre/lib/ext/zipfs.jar
7fa5b0bb3000-7fa5b0bb6000 r--s 0000f000 08:01 1313901                    /usr/lib/jvm/java-7-openjdk-amd64/jre/lib/ext/icedtea-sound.jar
7fa5b0bb6000-7fa5b0bba000 r--s 0003c000 08:01 1313897                    /usr/lib/jvm/java-7-openjdk-amd64/jre/lib/ext/sunpkcs11.jar
7fa5b0bba000-7fa5b0bbe000 r--s 00034000 08:01 1313925                    /usr/lib/jvm/java-7-openjdk-amd64/jre/lib/ext/sunjce_provider.jar
7fa5b0bbe000-7fa5b0bbf000 r--s 00002000 08:01 1313914                    /usr/lib/jvm/java-7-openjdk-amd64/jre/lib/ext/dnsns.jar
7fa5b0bbf000-7fa5b0bc1000 r--s 00006000 08:01 929210                     /usr/share/java/java-atk-wrapper.jar
7fa5b0bc1000-7fa5b0bc9000 rw-s 00000000 08:01 4590115                    /tmp/hsperfdata_neil/16330
7fa5b0bc9000-7fa5b0bca000 rw-p 00000000 00:00 0 
7fa5b0bca000-7fa5b0bcb000 ---p 00000000 00:00 0 
7fa5b0bcb000-7fa5b0bcd000 rw-p 00000000 00:00 0 
7fa5b0bcd000-7fa5b0bce000 r--p 00022000 08:01 132001                     /lib/x86_64-linux-gnu/ld-2.19.so
7fa5b0bce000-7fa5b0bcf000 rw-p 00023000 08:01 132001                     /lib/x86_64-linux-gnu/ld-2.19.so
7fa5b0bcf000-7fa5b0bd0000 rw-p 00000000 00:00 0 
7ffeb5e63000-7ffeb5e84000 rw-p 00000000 00:00 0                          [stack]
7ffeb5f4a000-7ffeb5f4c000 r-xp 00000000 00:00 0                          [vdso]
7ffeb5f4c000-7ffeb5f4e000 r--p 00000000 00:00 0                          [vvar]
ffffffffff600000-ffffffffff601000 r-xp 00000000 00:00 0                  [vsyscall]

VM Arguments:
jvm_args: -Dclassworlds.conf=/home/neil/netbeans-8.0.2/java/maven/bin/m2.conf -Dmaven.home=/home/neil/netbeans-8.0.2/java/maven 
java_command: org.codehaus.plexus.classworlds.launcher.Launcher -Dmaven.ext.class.path=/home/neil/netbeans-8.0.2/java/maven-nblib/netbeans-eventspy.jar -Plocalhost clean install
Launcher Type: SUN_STANDARD

Environment Variables:
JAVA_HOME=/usr/lib/jvm/default-java
PATH=/home/neil/bin:/usr/local/sbin:/usr/local/bin:/usr/sbin:/usr/bin:/sbin:/bin:/usr/games:/usr/local/games
USERNAME=neil
LD_LIBRARY_PATH=/usr/lib/jvm/default-java/jre/lib/amd64:/usr/lib/jvm/default-java/jre/lib/i386:
SHELL=/bin/bash
DISPLAY=:0

Signal Handlers:
SIGSEGV: [libjvm.so+0x983740], sa_mask[0]=0x7ffbfeff, sa_flags=0x10000004
SIGBUS: [libjvm.so+0x983740], sa_mask[0]=0x7ffbfeff, sa_flags=0x10000004
SIGFPE: [libjvm.so+0x7f0180], sa_mask[0]=0x7ffbfeff, sa_flags=0x10000004
SIGPIPE: [libjvm.so+0x7f0180], sa_mask[0]=0x7ffbfeff, sa_flags=0x10000004
SIGXFSZ: [libjvm.so+0x7f0180], sa_mask[0]=0x7ffbfeff, sa_flags=0x10000004
SIGILL: [libjvm.so+0x7f0180], sa_mask[0]=0x7ffbfeff, sa_flags=0x10000004
SIGUSR1: SIG_DFL, sa_mask[0]=0x00000000, sa_flags=0x00000000
SIGUSR2: [libjvm.so+0x7f0000], sa_mask[0]=0x00000004, sa_flags=0x10000004
SIGHUP: [libjvm.so+0x7f0200], sa_mask[0]=0x7ffbfeff, sa_flags=0x10000004
SIGINT: SIG_IGN, sa_mask[0]=0x00000000, sa_flags=0x00000000
SIGTERM: [libjvm.so+0x7f0200], sa_mask[0]=0x7ffbfeff, sa_flags=0x10000004
SIGQUIT: [libjvm.so+0x7f0200], sa_mask[0]=0x7ffbfeff, sa_flags=0x10000004
SIGTRAP: SIG_DFL, sa_mask[0]=0x00000000, sa_flags=0x00000000


---------------  S Y S T E M  ---------------

OS:Ubuntu 14.10 (utopic)
uname:Linux 3.16.0-41-generic #57-Ubuntu SMP Thu Jun 18 08:44:16 UTC 2015 x86_64
libc:glibc 2.19 NPTL 2.19 
rlimit: STACK 8192k, CORE 0k, NPROC 15691, NOFILE 4096, AS infinity
load average:4.98 2.42 2.07

/proc/meminfo:
MemTotal:        4047748 kB
MemFree:           87448 kB
MemAvailable:      25688 kB
Buffers:             588 kB
Cached:           238360 kB
SwapCached:            0 kB
Active:          3571504 kB
Inactive:         229804 kB
Active(anon):    3563524 kB
Inactive(anon):   221592 kB
Active(file):       7980 kB
Inactive(file):     8212 kB
Unevictable:          40 kB
Mlocked:              40 kB
SwapTotal:             0 kB
SwapFree:              0 kB
Dirty:               148 kB
Writeback:             0 kB
AnonPages:       3562656 kB
Mapped:           233656 kB
Shmem:            222500 kB
Slab:              64444 kB
SReclaimable:      29212 kB
SUnreclaim:        35232 kB
KernelStack:        9568 kB
PageTables:        44476 kB
NFS_Unstable:          0 kB
Bounce:                0 kB
WritebackTmp:          0 kB
CommitLimit:     2023872 kB
Committed_AS:    8525988 kB
VmallocTotal:   34359738367 kB
VmallocUsed:       55428 kB
VmallocChunk:   34359653240 kB
HardwareCorrupted:     0 kB
AnonHugePages:   2355200 kB
HugePages_Total:       0
HugePages_Free:        0
HugePages_Rsvd:        0
HugePages_Surp:        0
Hugepagesize:       2048 kB
DirectMap4k:       61376 kB
DirectMap2M:     4132864 kB


CPU:total 2 (2 cores per cpu, 1 threads per core) family 6 model 60 stepping 3, cmov, cx8, fxsr, mmx, sse, sse2, sse3, ssse3, tsc

/proc/cpuinfo:
processor	: 0
vendor_id	: GenuineIntel
cpu family	: 6
model		: 60
model name	: Intel(R) Core(TM) i7-4610M CPU @ 3.00GHz
stepping	: 3
microcode	: 0x19
cpu MHz		: 2993.702
cache size	: 6144 KB
physical id	: 0
siblings	: 2
core id		: 0
cpu cores	: 2
apicid		: 0
initial apicid	: 0
fpu		: yes
fpu_exception	: yes
cpuid level	: 5
wp		: yes
flags		: fpu vme de pse tsc msr pae mce cx8 apic sep mtrr pge mca cmov pat pse36 clflush mmx fxsr sse sse2 ht syscall nx rdtscp lm constant_tsc rep_good nopl pni ssse3 lahf_lm
bogomips	: 5987.40
clflush size	: 64
cache_alignment	: 64
address sizes	: 39 bits physical, 48 bits virtual
power management:

processor	: 1
vendor_id	: GenuineIntel
cpu family	: 6
model		: 60
model name	: Intel(R) Core(TM) i7-4610M CPU @ 3.00GHz
stepping	: 3
microcode	: 0x19
cpu MHz		: 2993.702
cache size	: 6144 KB
physical id	: 0
siblings	: 2
core id		: 1
cpu cores	: 2
apicid		: 1
initial apicid	: 1
fpu		: yes
fpu_exception	: yes
cpuid level	: 5
wp		: yes
flags		: fpu vme de pse tsc msr pae mce cx8 apic sep mtrr pge mca cmov pat pse36 clflush mmx fxsr sse sse2 ht syscall nx rdtscp lm constant_tsc rep_good nopl pni ssse3 lahf_lm
bogomips	: 5987.40
clflush size	: 64
cache_alignment	: 64
address sizes	: 39 bits physical, 48 bits virtual
power management:



Memory: 4k page, physical 4047748k(87904k free), swap 0k(0k free)

vm_info: OpenJDK 64-Bit Server VM (24.79-b02) for linux-amd64 JRE (1.7.0_79-b14), built on Apr 16 2015 08:25:58 by "buildd" with gcc 4.9.1

time: Mon Jun 22 19:15:26 2015
elapsed time: 40 seconds

